C:\Users\wwang2\AppData\Roaming\Python\Python38\site-packages\scipy\__init__.py:146: UserWarning: A NumPy version >=1.16.5 and <1.23.0 is required for this version of SciPy (detected version 1.23.2
  warnings.warn(f"A NumPy version >={np_minversion} and <{np_maxversion}"
Helics version = 3.5.2 (2024-04-08)
OPENDSS_DIS: Creating Federate Info
OPENDSS_DIS: Setting Federate Info Name
OPENDSS_DIS: Setting Federate Info Time Delta
OPENDSS_DIS: Value federate created
OPENDSS_DIS: Publication registered
OPENDSS_DIS: Subscription registered
OPENDSS_DIS: Subscription registered
OPENDSS_DIS: Entering execution mode
opendss test run okay
=== time step = 0 seconds ===
OPENDSS_DIS: Received Power = -9999999999999999464902769475481793196872414789632.000000 mw at time 0 from PSCAD_DER
Discard received value, use kw=0
OPENDSS_DIS: Received Power_q = -9999999999999999464902769475481793196872414789632.000000 mvar at time 0 from PSCAD_DER
Received voltage mag and angel_deg at time 0: [-1e+49] pu
manually set up first step voltage
Received frequency at time 0: -1e+49 Hz
Opendss run okay at time 0 !
Sending active power = 2307.4832028657825 at time 0 to Transmission
Sending voltage = 0.9828424902814009 at time 0 to PSCAD_DER
Sending frequency = -1e+49 Hz at time 0 to PSCAD_DER
=== time step = 0.02 seconds ===
OPENDSS_DIS: Received Power = -0.009696 mw at time 0.02 from PSCAD_DER
OPENDSS_DIS: Received Power_q = 0.026729 mvar at time 0.02 from PSCAD_DER
Received voltage mag and angel_deg at time 0.02: [0.9924425482749939, -7.045036792755127] pu
manually set up first step voltage
Received frequency at time 0.02: 60.000000018693235 Hz
Opendss run okay at time 0.02 !
Sending active power = 2316.9340690302706 at time 0.02 to Transmission
Sending voltage = 0.9825662376453997 at time 0.02 to PSCAD_DER
Sending frequency = 60.000000018693235 Hz at time 0.02 to PSCAD_DER
=== time step = 0.04 seconds ===
OPENDSS_DIS: Received Power = -0.181835 mw at time 0.04 from PSCAD_DER
OPENDSS_DIS: Received Power_q = 0.047822 mvar at time 0.04 from PSCAD_DER
Received voltage mag and angel_deg at time 0.04: [0.9924425482749939, -7.045036792755127] pu
manually set up first step voltage
Received frequency at time 0.04: 60.000000018693235 Hz
Opendss run okay at time 0.04 !
Sending active power = 2486.69123516903 at time 0.04 to Transmission
Sending voltage = 0.9774908974843926 at time 0.04 to PSCAD_DER
Sending frequency = 60.000000018693235 Hz at time 0.04 to PSCAD_DER
=== time step = 0.060000000000000005 seconds ===
OPENDSS_DIS: Received Power = -0.505650 mw at time 0.060000000000000005 from PSCAD_DER
OPENDSS_DIS: Received Power_q = -0.080162 mvar at time 0.060000000000000005 from PSCAD_DER
Received voltage mag and angel_deg at time 0.060000000000000005: [0.993194043636322, -6.880552291870117] pu
manually set up first step voltage
Received frequency at time 0.060000000000000005: 60.00205579512112 Hz
Opendss run okay at time 0.060000000000000005 !
Sending active power = 2814.800212080096 at time 0.060000000000000005 to Transmission
Sending voltage = 0.9746476786393422 at time 0.060000000000000005 to PSCAD_DER
Sending frequency = 60.00205579512112 Hz at time 0.060000000000000005 to PSCAD_DER
=== time step = 0.08 seconds ===
OPENDSS_DIS: Received Power = -0.257801 mw at time 0.08 from PSCAD_DER
OPENDSS_DIS: Received Power_q = 0.019381 mvar at time 0.08 from PSCAD_DER
Received voltage mag and angel_deg at time 0.08: [0.9932212233543396, -6.852506637573242] pu
manually set up first step voltage
Received frequency at time 0.08: 60.0029685649497 Hz
Opendss run okay at time 0.08 !
Sending active power = 2568.789613015351 at time 0.08 to Transmission
Sending voltage = 0.9820812700891286 at time 0.08 to PSCAD_DER
Sending frequency = 60.0029685649497 Hz at time 0.08 to PSCAD_DER
=== time step = 0.1 seconds ===
OPENDSS_DIS: Received Power = -0.008428 mw at time 0.1 from PSCAD_DER
OPENDSS_DIS: Received Power_q = 0.068672 mvar at time 0.1 from PSCAD_DER
Received voltage mag and angel_deg at time 0.1: [0.9931439161300659, -6.846829414367676] pu
manually set up first step voltage
Received frequency at time 0.1: 60.00309515329718 Hz
Opendss run okay at time 0.1 !
Sending active power = 2322.823792412141 at time 0.1 to Transmission
Sending voltage = 0.9894327610960093 at time 0.1 to PSCAD_DER
Sending frequency = 60.00309515329718 Hz at time 0.1 to PSCAD_DER
=== time step = 0.12000000000000001 seconds ===
OPENDSS_DIS: Received Power = -0.007029 mw at time 0.12000000000000001 from PSCAD_DER
OPENDSS_DIS: Received Power_q = 0.087922 mvar at time 0.12000000000000001 from PSCAD_DER
Received voltage mag and angel_deg at time 0.12000000000000001: [0.9929730296134949, -6.869359493255615] pu
manually set up first step voltage
Received frequency at time 0.12000000000000001: 60.00275943602901 Hz
Opendss run okay at time 0.12000000000000001 !
Sending active power = 2321.437113105732 at time 0.12000000000000001 to Transmission
Sending voltage = 0.9894760548089584 at time 0.12000000000000001 to PSCAD_DER
Sending frequency = 60.00275943602901 Hz at time 0.12000000000000001 to PSCAD_DER
=== time step = 0.14 seconds ===
OPENDSS_DIS: Received Power = -0.004171 mw at time 0.14 from PSCAD_DER
OPENDSS_DIS: Received Power_q = 0.082130 mvar at time 0.14 from PSCAD_DER
Received voltage mag and angel_deg at time 0.14: [0.9931706786155701, -6.814904689788818] pu
manually set up first step voltage
Received frequency at time 0.14: 60.00314648197673 Hz
Opendss run okay at time 0.14 !
Sending active power = 2318.636112216333 at time 0.14 to Transmission
Sending voltage = 0.9895587012376255 at time 0.14 to PSCAD_DER
Sending frequency = 60.00314648197673 Hz at time 0.14 to PSCAD_DER
=== time step = 0.16 seconds ===
OPENDSS_DIS: Received Power = -0.001321 mw at time 0.16 from PSCAD_DER
OPENDSS_DIS: Received Power_q = 0.086860 mvar at time 0.16 from PSCAD_DER
Received voltage mag and angel_deg at time 0.16: [0.9933646321296692, -6.750771522521973] pu
manually set up first step voltage
Received frequency at time 0.16: 60.00398093252443 Hz
Opendss run okay at time 0.16 !
Sending active power = 2315.833227310097 at time 0.16 to Transmission
Sending voltage = 0.989641895631679 at time 0.16 to PSCAD_DER
Sending frequency = 60.00398093252443 Hz at time 0.16 to PSCAD_DER
=== time step = 0.18000000000000002 seconds ===
OPENDSS_DIS: Received Power = -0.000996 mw at time 0.18000000000000002 from PSCAD_DER
OPENDSS_DIS: Received Power_q = 0.083413 mvar at time 0.18000000000000002 from PSCAD_DER
Received voltage mag and angel_deg at time 0.18000000000000002: [0.9934117794036865, -6.7116312980651855] pu
manually set up first step voltage
Received frequency at time 0.18000000000000002: 60.00454631197499 Hz
Opendss run okay at time 0.18000000000000002 !
Sending active power = 2315.496263382306 at time 0.18000000000000002 to Transmission
Sending voltage = 0.989652873107935 at time 0.18000000000000002 to PSCAD_DER
Sending frequency = 60.00454631197499 Hz at time 0.18000000000000002 to PSCAD_DER
=== time step = 0.2 seconds ===
OPENDSS_DIS: Received Power = 0.000039 mw at time 0.2 from PSCAD_DER
OPENDSS_DIS: Received Power_q = 0.084378 mvar at time 0.2 from PSCAD_DER
Received voltage mag and angel_deg at time 0.2: [0.9934607744216919, -6.669544219970703] pu
manually set up first step voltage
Received frequency at time 0.2: 60.00500844602357 Hz
Opendss run okay at time 0.2 !
Sending active power = 2314.483102028149 at time 0.2 to Transmission
Sending voltage = 0.9896827005615703 at time 0.2 to PSCAD_DER
Sending frequency = 60.00500844602357 Hz at time 0.2 to PSCAD_DER
=== time step = 0.22 seconds ===
OPENDSS_DIS: Received Power = 0.604436 mw at time 0.22 from PSCAD_DER
OPENDSS_DIS: Received Power_q = -0.817273 mvar at time 0.22 from PSCAD_DER
Received voltage mag and angel_deg at time 0.22: [0.993500292301178, -6.63340425491333] pu
manually set up first step voltage
Received frequency at time 0.22: 60.00536641004146 Hz
Opendss run okay at time 0.22 !
Sending active power = 1716.579820829228 at time 0.22 to Transmission
Sending voltage = 1.0002422588383992 at time 0.22 to PSCAD_DER
Sending frequency = 60.00536641004146 Hz at time 0.22 to PSCAD_DER
=== time step = 0.24000000000000002 seconds ===
OPENDSS_DIS: Received Power = 0.676897 mw at time 0.24000000000000002 from PSCAD_DER
OPENDSS_DIS: Received Power_q = -0.860313 mvar at time 0.24000000000000002 from PSCAD_DER
Received voltage mag and angel_deg at time 0.24000000000000002: [0.9935469627380371, -6.585424900054932] pu
manually set up first step voltage
Received frequency at time 0.24000000000000002: 60.00582371620112 Hz
Opendss run okay at time 0.24000000000000002 !
Sending active power = 1643.4439208898646 at time 0.24000000000000002 to Transmission
Sending voltage = 0.9953571550801412 at time 0.24000000000000002 to PSCAD_DER
Sending frequency = 60.00582371620112 Hz at time 0.24000000000000002 to PSCAD_DER
=== time step = 0.26 seconds ===
OPENDSS_DIS: Received Power = -0.063759 mw at time 0.26 from PSCAD_DER
OPENDSS_DIS: Received Power_q = -0.225188 mvar at time 0.26 from PSCAD_DER
Received voltage mag and angel_deg at time 0.26: [0.9935930371284485, -6.533737659454346] pu
manually set up first step voltage
Received frequency at time 0.26: 60.00629238769761 Hz
Opendss run okay at time 0.26 !
Sending active power = 2370.2356219781136 at time 0.26 to Transmission
Sending voltage = 0.9809639629198552 at time 0.26 to PSCAD_DER
Sending frequency = 60.00629238769761 Hz at time 0.26 to PSCAD_DER
=== time step = 0.28 seconds ===
OPENDSS_DIS: Received Power = -0.030501 mw at time 0.28 from PSCAD_DER
OPENDSS_DIS: Received Power_q = -0.196417 mvar at time 0.28 from PSCAD_DER
Received voltage mag and angel_deg at time 0.28: [0.9940110445022583, -6.396228313446045] pu
manually set up first step voltage
Received frequency at time 0.28: 60.00781670969445 Hz
Opendss run okay at time 0.28 !
Sending active power = 2337.504056514988 at time 0.28 to Transmission
Sending voltage = 0.9819449934721113 at time 0.28 to PSCAD_DER
Sending frequency = 60.00781670969445 Hz at time 0.28 to PSCAD_DER
=== time step = 0.30000000000000004 seconds ===
OPENDSS_DIS: Received Power = 0.829071 mw at time 0.30000000000000004 from PSCAD_DER
OPENDSS_DIS: Received Power_q = -0.603332 mvar at time 0.30000000000000004 from PSCAD_DER
Received voltage mag and angel_deg at time 0.30000000000000004: [0.9941158890724182, -6.312597274780273] pu
manually set up first step voltage
Received frequency at time 0.30000000000000004: 60.00888234906597 Hz
Opendss run okay at time 0.30000000000000004 !
Sending active power = 1494.0465960818904 at time 0.30000000000000004 to Transmission
Sending voltage = 0.9996908932896026 at time 0.30000000000000004 to PSCAD_DER
Sending frequency = 60.00888234906597 Hz at time 0.30000000000000004 to PSCAD_DER
=== time step = 0.32 seconds ===
OPENDSS_DIS: Received Power = 0.231738 mw at time 0.32 from PSCAD_DER
OPENDSS_DIS: Received Power_q = -1.666719 mvar at time 0.32 from PSCAD_DER
Received voltage mag and angel_deg at time 0.32: [0.9937164187431335, -6.346044540405273] pu
manually set up first step voltage
Received frequency at time 0.32: 60.008413511677645 Hz
Opendss run okay at time 0.32 !
Sending active power = 2075.194984252811 at time 0.32 to Transmission
Sending voltage = 0.9827147320989229 at time 0.32 to PSCAD_DER
Sending frequency = 60.008413511677645 Hz at time 0.32 to PSCAD_DER
=== time step = 0.34 seconds ===
OPENDSS_DIS: Received Power = 0.302554 mw at time 0.34 from PSCAD_DER
OPENDSS_DIS: Received Power_q = -0.732515 mvar at time 0.34 from PSCAD_DER
Received voltage mag and angel_deg at time 0.34: [0.9937869310379028, -6.277375221252441] pu
manually set up first step voltage
Received frequency at time 0.34: 60.00845229806146 Hz
Opendss run okay at time 0.34 !
Sending active power = 2005.985379313292 at time 0.34 to Transmission
Sending voltage = 0.9847533608275478 at time 0.34 to PSCAD_DER
Sending frequency = 60.00845229806146 Hz at time 0.34 to PSCAD_DER
=== time step = 0.36000000000000004 seconds ===
OPENDSS_DIS: Received Power = 0.037095 mw at time 0.36000000000000004 from PSCAD_DER
OPENDSS_DIS: Received Power_q = -0.494291 mvar at time 0.36000000000000004 from PSCAD_DER
Received voltage mag and angel_deg at time 0.36000000000000004: [0.9943562150001526, -6.090457439422607] pu
manually set up first step voltage
Received frequency at time 0.36000000000000004: 60.01032972126268 Hz
Opendss run okay at time 0.36000000000000004 !
Sending active power = 2266.1830972344833 at time 0.36000000000000004 to Transmission
Sending voltage = 0.9770193093698548 at time 0.36000000000000004 to PSCAD_DER
Sending frequency = 60.01032972126268 Hz at time 0.36000000000000004 to PSCAD_DER
=== time step = 0.38 seconds ===
OPENDSS_DIS: Received Power = 0.732760 mw at time 0.38 from PSCAD_DER
OPENDSS_DIS: Received Power_q = -0.692065 mvar at time 0.38 from PSCAD_DER
Received voltage mag and angel_deg at time 0.38: [0.9940569400787354, -6.074394702911377] pu
manually set up first step voltage
Received frequency at time 0.38: 60.01047951984219 Hz
Opendss run okay at time 0.38 !
Sending active power = 1587.2965259345249 at time 0.38 to Transmission
Sending voltage = 0.9969918484663505 at time 0.38 to PSCAD_DER
Sending frequency = 60.01047951984219 Hz at time 0.38 to PSCAD_DER
=== time step = 0.4 seconds ===
OPENDSS_DIS: Received Power = -0.185725 mw at time 0.4 from PSCAD_DER
OPENDSS_DIS: Received Power_q = -1.852864 mvar at time 0.4 from PSCAD_DER
Received voltage mag and angel_deg at time 0.4: [0.994152843952179, -5.979678153991699] pu
manually set up first step voltage
Received frequency at time 0.4: 60.010959975770675 Hz
Opendss run okay at time 0.4 !
Sending active power = 2490.7222339824225 at time 0.4 to Transmission
Sending voltage = 0.9773535289806149 at time 0.4 to PSCAD_DER
Sending frequency = 60.010959975770675 Hz at time 0.4 to PSCAD_DER
=== time step = 0.42000000000000004 seconds ===
OPENDSS_DIS: Received Power = 0.768109 mw at time 0.42000000000000004 from PSCAD_DER
OPENDSS_DIS: Received Power_q = -1.552255 mvar at time 0.42000000000000004 from PSCAD_DER
Received voltage mag and angel_deg at time 0.42000000000000004: [0.9940314292907715, -5.940826892852783] pu
manually set up first step voltage
Received frequency at time 0.42000000000000004: 60.01103467162466 Hz
Opendss run okay at time 0.42000000000000004 !
Sending active power = 1553.0324305098154 at time 0.42000000000000004 to Transmission
Sending voltage = 0.9979903352690175 at time 0.42000000000000004 to PSCAD_DER
Sending frequency = 60.01103467162466 Hz at time 0.42000000000000004 to PSCAD_DER
=== time step = 0.44 seconds ===
OPENDSS_DIS: Received Power = 0.147927 mw at time 0.44 from PSCAD_DER
OPENDSS_DIS: Received Power_q = -0.274315 mvar at time 0.44 from PSCAD_DER
Received voltage mag and angel_deg at time 0.44: [0.9944978356361389, -5.7583909034729] pu
manually set up first step voltage
Received frequency at time 0.44: 60.0125669647241 Hz
Opendss run okay at time 0.44 !
Sending active power = 2157.3207831609666 at time 0.44 to Transmission
Sending voltage = 0.9802744113598189 at time 0.44 to PSCAD_DER
Sending frequency = 60.0125669647241 Hz at time 0.44 to PSCAD_DER
=== time step = 0.46 seconds ===
OPENDSS_DIS: Received Power = 0.281638 mw at time 0.46 from PSCAD_DER
OPENDSS_DIS: Received Power_q = 0.343259 mvar at time 0.46 from PSCAD_DER
Received voltage mag and angel_deg at time 0.46: [0.993990421295166, -5.77232027053833] pu
manually set up first step voltage
Received frequency at time 0.46: 60.01201475271955 Hz
Opendss run okay at time 0.46 !
Sending active power = 2026.4728202035972 at time 0.46 to Transmission
Sending voltage = 0.9841436728689301 at time 0.46 to PSCAD_DER
Sending frequency = 60.01201475271955 Hz at time 0.46 to PSCAD_DER
=== time step = 0.48000000000000004 seconds ===
OPENDSS_DIS: Received Power = 0.197687 mw at time 0.48000000000000004 from PSCAD_DER
OPENDSS_DIS: Received Power_q = 0.385537 mvar at time 0.48000000000000004 from PSCAD_DER
Received voltage mag and angel_deg at time 0.48000000000000004: [0.9946115612983704, -5.551660060882568] pu
manually set up first step voltage
Received frequency at time 0.48000000000000004: 60.01365422678646 Hz
Opendss run okay at time 0.48000000000000004 !
Sending active power = 2108.5296066921533 at time 0.48000000000000004 to Transmission
Sending voltage = 0.9817247760795539 at time 0.48000000000000004 to PSCAD_DER
Sending frequency = 60.01365422678646 Hz at time 0.48000000000000004 to PSCAD_DER
=== time step = 0.5 seconds ===
OPENDSS_DIS: Received Power = 0.154756 mw at time 0.5 from PSCAD_DER
OPENDSS_DIS: Received Power_q = 0.387284 mvar at time 0.5 from PSCAD_DER
Received voltage mag and angel_deg at time 0.5: [0.9942883253097534, -5.515127182006836] pu
manually set up first step voltage
Received frequency at time 0.5: 60.01367654185742 Hz
Opendss run okay at time 0.5 !
Sending active power = 2150.6359766734454 at time 0.5 to Transmission
Sending voltage = 0.980469983053748 at time 0.5 to PSCAD_DER
Sending frequency = 60.01367654185742 Hz at time 0.5 to PSCAD_DER
=== time step = 0.52 seconds ===
OPENDSS_DIS: Received Power = 0.533354 mw at time 0.52 from PSCAD_DER
OPENDSS_DIS: Received Power_q = 0.019379 mvar at time 0.52 from PSCAD_DER
Received voltage mag and angel_deg at time 0.52: [0.9944038987159729, -5.411992073059082] pu
manually set up first step voltage
Received frequency at time 0.52: 60.01405845017871 Hz
Opendss run okay at time 0.52 !
Sending active power = 1780.885260954087 at time 0.52 to Transmission
Sending voltage = 0.9913674377735974 at time 0.52 to PSCAD_DER
Sending frequency = 60.01405845017871 Hz at time 0.52 to PSCAD_DER
=== time step = 0.54 seconds ===
OPENDSS_DIS: Received Power = 0.590042 mw at time 0.54 from PSCAD_DER
OPENDSS_DIS: Received Power_q = -1.659621 mvar at time 0.54 from PSCAD_DER
Received voltage mag and angel_deg at time 0.54: [0.9765573740005493, -8.064423561096191] pu
manually set up first step voltage
Received frequency at time 0.54: 59.95483712176792 Hz
Opendss run okay at time 0.54 !
Sending active power = 1725.7759201994384 at time 0.54 to Transmission
Sending voltage = 0.9929750706916504 at time 0.54 to PSCAD_DER
Sending frequency = 59.95483712176792 Hz at time 0.54 to PSCAD_DER
=== time step = 0.56 seconds ===
OPENDSS_DIS: Received Power = 0.363062 mw at time 0.56 from PSCAD_DER
OPENDSS_DIS: Received Power_q = -1.496670 mvar at time 0.56 from PSCAD_DER
Received voltage mag and angel_deg at time 0.56: [0.9730604887008667, -8.910992622375488] pu
manually set up first step voltage
Received frequency at time 0.56: 59.921970502473414 Hz
Opendss run okay at time 0.56 !
Sending active power = 1946.7236115700882 at time 0.56 to Transmission
Sending voltage = 0.9865196234199428 at time 0.56 to PSCAD_DER
Sending frequency = 59.921970502473414 Hz at time 0.56 to PSCAD_DER
=== time step = 0.5800000000000001 seconds ===
OPENDSS_DIS: Received Power = 0.273357 mw at time 0.5800000000000001 from PSCAD_DER
OPENDSS_DIS: Received Power_q = -0.799082 mvar at time 0.5800000000000001 from PSCAD_DER
Received voltage mag and angel_deg at time 0.5800000000000001: [0.969990611076355, -9.72351360321045] pu
manually set up first step voltage
Received frequency at time 0.5800000000000001: 59.90481531713158 Hz
Opendss run okay at time 0.5800000000000001 !
Sending active power = 2034.450055643888 at time 0.5800000000000001 to Transmission
Sending voltage = 0.9839215580680541 at time 0.5800000000000001 to PSCAD_DER
Sending frequency = 59.90481531713158 Hz at time 0.5800000000000001 to PSCAD_DER
=== time step = 0.6000000000000001 seconds ===
OPENDSS_DIS: Received Power = -0.026517 mw at time 0.6000000000000001 from PSCAD_DER
OPENDSS_DIS: Received Power_q = -0.529200 mvar at time 0.6000000000000001 from PSCAD_DER
Received voltage mag and angel_deg at time 0.6000000000000001: [0.9669471383094788, -10.659975051879883] pu
manually set up first step voltage
Received frequency at time 0.6000000000000001: 59.89088327391073 Hz
Opendss run okay at time 0.6000000000000001 !
Sending active power = 2333.579276555719 at time 0.6000000000000001 to Transmission
Sending voltage = 0.98206146199094 at time 0.6000000000000001 to PSCAD_DER
Sending frequency = 59.89088327391073 Hz at time 0.6000000000000001 to PSCAD_DER
=== time step = 0.62 seconds ===
OPENDSS_DIS: Received Power = 0.701456 mw at time 0.62 from PSCAD_DER
OPENDSS_DIS: Received Power_q = -0.602805 mvar at time 0.62 from PSCAD_DER
Received voltage mag and angel_deg at time 0.62: [0.9645254015922546, -11.527777671813965] pu
manually set up first step voltage
Received frequency at time 0.62: 59.879184630699456 Hz
Opendss run okay at time 0.62 !
Sending active power = 1617.607669854867 at time 0.62 to Transmission
Sending voltage = 0.9961228434939526 at time 0.62 to PSCAD_DER
Sending frequency = 59.879184630699456 Hz at time 0.62 to PSCAD_DER
=== time step = 0.64 seconds ===
OPENDSS_DIS: Received Power = 0.557479 mw at time 0.64 from PSCAD_DER
OPENDSS_DIS: Received Power_q = -1.417037 mvar at time 0.64 from PSCAD_DER
Received voltage mag and angel_deg at time 0.64: [0.9618918895721436, -12.69909954071045] pu
manually set up first step voltage
Received frequency at time 0.64: 59.86385048367083 Hz
Opendss run okay at time 0.64 !
Sending active power = 1757.3513157821008 at time 0.64 to Transmission
Sending voltage = 0.9920657331361475 at time 0.64 to PSCAD_DER
Sending frequency = 59.86385048367083 Hz at time 0.64 to PSCAD_DER
=== time step = 0.66 seconds ===
OPENDSS_DIS: Received Power = 0.603451 mw at time 0.66 from PSCAD_DER
OPENDSS_DIS: Received Power_q = -1.446266 mvar at time 0.66 from PSCAD_DER
Received voltage mag and angel_deg at time 0.66: [0.9593691825866699, -14.031185150146484] pu
manually set up first step voltage
Received frequency at time 0.66: 59.847332295030355 Hz
Opendss run okay at time 0.66 !
Sending active power = 1712.7438276877008 at time 0.66 to Transmission
Sending voltage = 0.993355166633053 at time 0.66 to PSCAD_DER
Sending frequency = 59.847332295030355 Hz at time 0.66 to PSCAD_DER
=== time step = 0.68 seconds ===
OPENDSS_DIS: Received Power = 0.561953 mw at time 0.68 from PSCAD_DER
OPENDSS_DIS: Received Power_q = -0.577256 mvar at time 0.68 from PSCAD_DER
Received voltage mag and angel_deg at time 0.68: [0.9578730463981628, -15.333337783813477] pu
manually set up first step voltage
Received frequency at time 0.68: 59.83234394341707 Hz
Opendss run okay at time 0.68 !
Sending active power = 1753.040724715434 at time 0.68 to Transmission
Sending voltage = 0.9921858073313817 at time 0.68 to PSCAD_DER
Sending frequency = 59.83234394341707 Hz at time 0.68 to PSCAD_DER
=== time step = 0.7000000000000001 seconds ===
OPENDSS_DIS: Received Power = 0.495959 mw at time 0.7000000000000001 from PSCAD_DER
OPENDSS_DIS: Received Power_q = -0.528671 mvar at time 0.7000000000000001 from PSCAD_DER
Received voltage mag and angel_deg at time 0.7000000000000001: [0.9560006260871887, -16.878047943115234] pu
manually set up first step voltage
Received frequency at time 0.7000000000000001: 59.81609473004937 Hz
Opendss run okay at time 0.7000000000000001 !
Sending active power = 1817.2370372319444 at time 0.7000000000000001 to Transmission
Sending voltage = 0.9903117631507805 at time 0.7000000000000001 to PSCAD_DER
Sending frequency = 59.81609473004937 Hz at time 0.7000000000000001 to PSCAD_DER
=== time step = 0.7200000000000001 seconds ===
OPENDSS_DIS: Received Power = 0.514903 mw at time 0.7200000000000001 from PSCAD_DER
OPENDSS_DIS: Received Power_q = 0.247986 mvar at time 0.7200000000000001 from PSCAD_DER
Received voltage mag and angel_deg at time 0.7200000000000001: [0.9547751545906067, -18.183338165283203] pu
manually set up first step voltage
Received frequency at time 0.7200000000000001: 59.8029383411631 Hz
Opendss run okay at time 0.7200000000000001 !
Sending active power = 1798.9051273576472 at time 0.7200000000000001 to Transmission
Sending voltage = 0.9908377428378048 at time 0.7200000000000001 to PSCAD_DER
Sending frequency = 59.8029383411631 Hz at time 0.7200000000000001 to PSCAD_DER
=== time step = 0.74 seconds ===
OPENDSS_DIS: Received Power = 0.157893 mw at time 0.74 from PSCAD_DER
OPENDSS_DIS: Received Power_q = 0.313536 mvar at time 0.74 from PSCAD_DER
Received voltage mag and angel_deg at time 0.74: [0.9533469676971436, -19.940509796142578] pu
manually set up first step voltage
Received frequency at time 0.74: 59.78635714855045 Hz
Opendss run okay at time 0.74 !
Sending active power = 2147.563595998146 at time 0.74 to Transmission
Sending voltage = 0.9805623015566938 at time 0.74 to PSCAD_DER
Sending frequency = 59.78635714855045 Hz at time 0.74 to PSCAD_DER
=== time step = 0.76 seconds ===
OPENDSS_DIS: Received Power = 0.195676 mw at time 0.76 from PSCAD_DER
OPENDSS_DIS: Received Power_q = 0.230671 mvar at time 0.76 from PSCAD_DER
Received voltage mag and angel_deg at time 0.76: [0.9520704746246338, -21.82545280456543] pu
manually set up first step voltage
Received frequency at time 0.76: 59.76972822099924 Hz
Opendss run okay at time 0.76 !
Sending active power = 2110.57312012479 at time 0.76 to Transmission
Sending voltage = 0.9816563322737298 at time 0.76 to PSCAD_DER
Sending frequency = 59.76972822099924 Hz at time 0.76 to PSCAD_DER
=== time step = 0.78 seconds ===
OPENDSS_DIS: Received Power = 0.876534 mw at time 0.78 from PSCAD_DER
OPENDSS_DIS: Received Power_q = -0.613537 mvar at time 0.78 from PSCAD_DER
Received voltage mag and angel_deg at time 0.78: [0.9510071277618408, -23.819562911987305] pu
manually set up first step voltage
Received frequency at time 0.78: 59.75339787080884 Hz
Opendss run okay at time 0.78 !
Sending active power = 1445.9250553274255 at time 0.78 to Transmission
Sending voltage = 1.0011300575669144 at time 0.78 to PSCAD_DER
Sending frequency = 59.75339787080884 Hz at time 0.78 to PSCAD_DER
=== time step = 0.8 seconds ===
OPENDSS_DIS: Received Power = -0.390035 mw at time 0.8 from PSCAD_DER
OPENDSS_DIS: Received Power_q = -1.870326 mvar at time 0.8 from PSCAD_DER
Received voltage mag and angel_deg at time 0.8: [0.9497917890548706, -25.992595672607422] pu
manually set up first step voltage
Received frequency at time 0.8: 59.73648710176349 Hz
Opendss run okay at time 0.8 !
Sending active power = 2699.7771506007493 at time 0.8 to Transmission
Sending voltage = 0.9781266769909053 at time 0.8 to PSCAD_DER
Sending frequency = 59.73648710176349 Hz at time 0.8 to PSCAD_DER
=== time step = 0.8200000000000001 seconds ===
OPENDSS_DIS: Received Power = 0.527042 mw at time 0.8200000000000001 from PSCAD_DER
OPENDSS_DIS: Received Power_q = -1.487169 mvar at time 0.8200000000000001 from PSCAD_DER
Received voltage mag and angel_deg at time 0.8200000000000001: [0.949133574962616, -27.772499084472656] pu
manually set up first step voltage
Received frequency at time 0.8200000000000001: 59.72352703101933 Hz
Opendss run okay at time 0.8200000000000001 !
Sending active power = 1791.7987635828633 at time 0.8200000000000001 to Transmission
Sending voltage = 0.9980586881576964 at time 0.8200000000000001 to PSCAD_DER
Sending frequency = 59.72352703101933 Hz at time 0.8200000000000001 to PSCAD_DER
=== time step = 0.8400000000000001 seconds ===
OPENDSS_DIS: Received Power = 0.276589 mw at time 0.8400000000000001 from PSCAD_DER
OPENDSS_DIS: Received Power_q = -0.231838 mvar at time 0.8400000000000001 from PSCAD_DER
Received voltage mag and angel_deg at time 0.8400000000000001: [0.948891282081604, -29.997005462646484] pu
manually set up first step voltage
Received frequency at time 0.8400000000000001: 59.70917422324419 Hz
Opendss run okay at time 0.8400000000000001 !
Sending active power = 2036.1674727903737 at time 0.8400000000000001 to Transmission
Sending voltage = 0.9908957812319765 at time 0.8400000000000001 to PSCAD_DER
Sending frequency = 59.70917422324419 Hz at time 0.8400000000000001 to PSCAD_DER
=== time step = 0.8600000000000001 seconds ===
OPENDSS_DIS: Received Power = 0.762769 mw at time 0.8600000000000001 from PSCAD_DER
OPENDSS_DIS: Received Power_q = -0.389470 mvar at time 0.8600000000000001 from PSCAD_DER
Received voltage mag and angel_deg at time 0.8600000000000001: [0.9472772479057312, -32.63219451904297] pu
manually set up first step voltage
Received frequency at time 0.8600000000000001: 59.691560100764036 Hz
Opendss run okay at time 0.8600000000000001 !
Sending active power = 1558.2027674344467 at time 0.8600000000000001 to Transmission
Sending voltage = 0.9978410359278179 at time 0.8600000000000001 to PSCAD_DER
Sending frequency = 59.691560100764036 Hz at time 0.8600000000000001 to PSCAD_DER
=== time step = 0.88 seconds ===
OPENDSS_DIS: Received Power = 0.261895 mw at time 0.88 from PSCAD_DER
OPENDSS_DIS: Received Power_q = -1.744333 mvar at time 0.88 from PSCAD_DER
Received voltage mag and angel_deg at time 0.88: [0.9473603963851929, -35.0606575012207] pu
manually set up first step voltage
Received frequency at time 0.88: 59.67734523117542 Hz
Opendss run okay at time 0.88 !
Sending active power = 2045.685218468228 at time 0.88 to Transmission
Sending voltage = 0.9835882207495316 at time 0.88 to PSCAD_DER
Sending frequency = 59.67734523117542 Hz at time 0.88 to PSCAD_DER
=== time step = 0.9 seconds ===
OPENDSS_DIS: Received Power = 0.765679 mw at time 0.9 from PSCAD_DER
OPENDSS_DIS: Received Power_q = -1.408250 mvar at time 0.9 from PSCAD_DER
Received voltage mag and angel_deg at time 0.9: [0.9466546773910522, -37.75859832763672] pu
manually set up first step voltage
Received frequency at time 0.9: 59.66245366260409 Hz
Opendss run okay at time 0.9 !
Sending active power = 1555.4063256607444 at time 0.9 to Transmission
Sending voltage = 0.9979151497616372 at time 0.9 to PSCAD_DER
Sending frequency = 59.66245366260409 Hz at time 0.9 to PSCAD_DER
=== time step = 0.92 seconds ===
OPENDSS_DIS: Received Power = 0.074818 mw at time 0.92 from PSCAD_DER
OPENDSS_DIS: Received Power_q = -1.667724 mvar at time 0.92 from PSCAD_DER
Received voltage mag and angel_deg at time 0.92: [0.9466444253921509, -39.89189529418945] pu
manually set up first step voltage
Received frequency at time 0.92: 59.65163399465382 Hz
Opendss run okay at time 0.92 !
Sending active power = 2229.078333756862 at time 0.92 to Transmission
Sending voltage = 0.9781340739704528 at time 0.92 to PSCAD_DER
Sending frequency = 59.65163399465382 Hz at time 0.92 to PSCAD_DER
=== time step = 0.9400000000000001 seconds ===
OPENDSS_DIS: Received Power = 0.742646 mw at time 0.9400000000000001 from PSCAD_DER
OPENDSS_DIS: Received Power_q = -0.906806 mvar at time 0.9400000000000001 from PSCAD_DER
Received voltage mag and angel_deg at time 0.9400000000000001: [0.9458547830581665, -42.8117561340332] pu
manually set up first step voltage
Received frequency at time 0.9400000000000001: 59.63691090233624 Hz
Opendss run okay at time 0.9400000000000001 !
Sending active power = 1577.7180244106094 at time 0.9400000000000001 to Transmission
Sending voltage = 0.9972690864671854 at time 0.9400000000000001 to PSCAD_DER
Sending frequency = 59.63691090233624 Hz at time 0.9400000000000001 to PSCAD_DER
=== time step = 0.9600000000000001 seconds ===
OPENDSS_DIS: Received Power = 0.583306 mw at time 0.9600000000000001 from PSCAD_DER
OPENDSS_DIS: Received Power_q = 0.205259 mvar at time 0.9600000000000001 from PSCAD_DER
Received voltage mag and angel_deg at time 0.9600000000000001: [0.9458392262458801, -45.684871673583984] pu
manually set up first step voltage
Received frequency at time 0.9600000000000001: 59.62392191402614 Hz
Opendss run okay at time 0.9600000000000001 !
Sending active power = 1732.2408586828008 at time 0.9600000000000001 to Transmission
Sending voltage = 0.9927985642894634 at time 0.9600000000000001 to PSCAD_DER
Sending frequency = 59.62392191402614 Hz at time 0.9600000000000001 to PSCAD_DER
=== time step = 0.9800000000000001 seconds ===
OPENDSS_DIS: Received Power = -0.086627 mw at time 0.9800000000000001 from PSCAD_DER
OPENDSS_DIS: Received Power_q = 0.397040 mvar at time 0.9800000000000001 from PSCAD_DER
Received voltage mag and angel_deg at time 0.9800000000000001: [0.9449646472930908, -48.831050872802734] pu
manually set up first step voltage
Received frequency at time 0.9800000000000001: 59.60953099653125 Hz
Opendss run okay at time 0.9800000000000001 !
Sending active power = 2392.789646078651 at time 0.9800000000000001 to Transmission
Sending voltage = 0.9802872183210724 at time 0.9800000000000001 to PSCAD_DER
Sending frequency = 59.60953099653125 Hz at time 0.9800000000000001 to PSCAD_DER
=== time step = 1.0 seconds ===
OPENDSS_DIS: Received Power = -0.037037 mw at time 1.0 from PSCAD_DER
OPENDSS_DIS: Received Power_q = 0.328367 mvar at time 1.0 from PSCAD_DER
Received voltage mag and angel_deg at time 1.0: [0.9451107978820801, -51.87000274658203] pu
Received frequency at time 1.0: 59.597631795331836 Hz
Opendss run okay at time 1.0 !
Sending active power = 2339.6417200722426 at time 1.0 to Transmission
Sending voltage = 0.9768895088266947 at time 1.0 to PSCAD_DER
Sending frequency = 59.597631795331836 Hz at time 1.0 to PSCAD_DER
=== time step = 1.02 seconds ===
OPENDSS_DIS: Received Power = 0.050638 mw at time 1.02 from PSCAD_DER
OPENDSS_DIS: Received Power_q = 0.323978 mvar at time 1.02 from PSCAD_DER
Received voltage mag and angel_deg at time 1.02: [0.9447419047355652, -54.458396911621094] pu
Received frequency at time 1.02: 59.587883641943336 Hz
Opendss run okay at time 1.02 !
Sending active power = 2252.790312825149 at time 1.02 to Transmission
Sending voltage = 0.979038563942154 at time 1.02 to PSCAD_DER
Sending frequency = 59.587883641943336 Hz at time 1.02 to PSCAD_DER
=== time step = 1.04 seconds ===
OPENDSS_DIS: Received Power = 0.517496 mw at time 1.04 from PSCAD_DER
OPENDSS_DIS: Received Power_q = 0.069284 mvar at time 1.04 from PSCAD_DER
Received voltage mag and angel_deg at time 1.04: [0.943917989730835, -57.85535430908203] pu
Received frequency at time 1.04: 59.5745344273746 Hz
Opendss run okay at time 1.04 !
Sending active power = 1795.2377140823394 at time 1.04 to Transmission
Sending voltage = 0.9916588671438974 at time 1.04 to PSCAD_DER
Sending frequency = 59.5745344273746 Hz at time 1.04 to PSCAD_DER
=== time step = 1.06 seconds ===
OPENDSS_DIS: Received Power = 0.790289 mw at time 1.06 from PSCAD_DER
OPENDSS_DIS: Received Power_q = -1.035461 mvar at time 1.06 from PSCAD_DER
Received voltage mag and angel_deg at time 1.06: [0.9436213970184326, -61.233097076416016] pu
Received frequency at time 1.06: 59.56268451176584 Hz
Opendss run okay at time 1.06 !
Sending active power = 1530.249347047075 at time 1.06 to Transmission
Sending voltage = 0.999042902353122 at time 1.06 to PSCAD_DER
Sending frequency = 59.56268451176584 Hz at time 1.06 to PSCAD_DER
=== time step = 1.08 seconds ===
OPENDSS_DIS: Received Power = 0.640185 mw at time 1.08 from PSCAD_DER
OPENDSS_DIS: Received Power_q = -0.457027 mvar at time 1.08 from PSCAD_DER
Received voltage mag and angel_deg at time 1.08: [0.9433628916740417, -64.67796325683594] pu
Received frequency at time 1.08: 59.55194159410894 Hz
Opendss run okay at time 1.08 !
Sending active power = 1675.2435424235891 at time 1.08 to Transmission
Sending voltage = 0.9945169941088415 at time 1.08 to PSCAD_DER
Sending frequency = 59.55194159410894 Hz at time 1.08 to PSCAD_DER
=== time step = 1.1 seconds ===
OPENDSS_DIS: Received Power = -0.119186 mw at time 1.1 from PSCAD_DER
OPENDSS_DIS: Received Power_q = -0.103022 mvar at time 1.1 from PSCAD_DER
Received voltage mag and angel_deg at time 1.1: [0.9434190988540649, -68.1298599243164] pu
Received frequency at time 1.1: 59.54273231327534 Hz
Opendss run okay at time 1.1 !
Sending active power = 2420.4453605289577 at time 1.1 to Transmission
Sending voltage = 0.9723056742260694 at time 1.1 to PSCAD_DER
Sending frequency = 59.54273231327534 Hz at time 1.1 to PSCAD_DER
=== time step = 1.12 seconds ===
OPENDSS_DIS: Received Power = 0.318727 mw at time 1.12 from PSCAD_DER
OPENDSS_DIS: Received Power_q = -0.245403 mvar at time 1.12 from PSCAD_DER
Received voltage mag and angel_deg at time 1.12: [0.9434186816215515, -70.94752502441406] pu
Received frequency at time 1.12: 59.53584976494312 Hz
Opendss run okay at time 1.12 !
Sending active power = 1990.5565969200243 at time 1.12 to Transmission
Sending voltage = 0.9852247282542608 at time 1.12 to PSCAD_DER
Sending frequency = 59.53584976494312 Hz at time 1.12 to PSCAD_DER
=== time step = 1.1400000000000001 seconds ===
OPENDSS_DIS: Received Power = 0.676982 mw at time 1.1400000000000001 from PSCAD_DER
OPENDSS_DIS: Received Power_q = -0.445690 mvar at time 1.1400000000000001 from PSCAD_DER
Received voltage mag and angel_deg at time 1.1400000000000001: [0.9430825710296631, -74.59650421142578] pu
Received frequency at time 1.1400000000000001: 59.52681362628937 Hz
Opendss run okay at time 1.1400000000000001 !
Sending active power = 1641.3994031463565 at time 1.1400000000000001 to Transmission
Sending voltage = 0.9951027985697417 at time 1.1400000000000001 to PSCAD_DER
Sending frequency = 59.52681362628937 Hz at time 1.1400000000000001 to PSCAD_DER
=== time step = 1.16 seconds ===
OPENDSS_DIS: Received Power = 0.623661 mw at time 1.16 from PSCAD_DER
OPENDSS_DIS: Received Power_q = -0.779111 mvar at time 1.16 from PSCAD_DER
Received voltage mag and angel_deg at time 1.16: [0.9422779083251953, -78.41046905517578] pu
Received frequency at time 1.16: 59.51661083847284 Hz
Opendss run okay at time 1.16 !
Sending active power = 1692.079845099513 at time 1.16 to Transmission
Sending voltage = 0.9926423529787362 at time 1.16 to PSCAD_DER
Sending frequency = 59.51661083847284 Hz at time 1.16 to PSCAD_DER
=== time step = 1.18 seconds ===
OPENDSS_DIS: Received Power = 0.464064 mw at time 1.18 from PSCAD_DER
OPENDSS_DIS: Received Power_q = -0.364334 mvar at time 1.18 from PSCAD_DER
Received voltage mag and angel_deg at time 1.18: [0.9423645734786987, -82.10602569580078] pu
Received frequency at time 1.18: 59.50886266306043 Hz
Opendss run okay at time 1.18 !
Sending active power = 1847.3581911123804 at time 1.18 to Transmission
Sending voltage = 0.9881827258136561 at time 1.18 to PSCAD_DER
Sending frequency = 59.50886266306043 Hz at time 1.18 to PSCAD_DER
=== time step = 1.2 seconds ===
OPENDSS_DIS: Received Power = 0.239787 mw at time 1.2 from PSCAD_DER
OPENDSS_DIS: Received Power_q = -0.019881 mvar at time 1.2 from PSCAD_DER
Received voltage mag and angel_deg at time 1.2: [0.9424288868904114, -85.8510971069336] pu
Received frequency at time 1.2: 59.502368085086346 Hz
Opendss run okay at time 1.2 !
Sending active power = 2066.480230113939 at time 1.2 to Transmission
Sending voltage = 0.9817427303274114 at time 1.2 to PSCAD_DER
Sending frequency = 59.502368085086346 Hz at time 1.2 to PSCAD_DER
=== time step = 1.22 seconds ===
OPENDSS_DIS: Received Power = 0.561726 mw at time 1.22 from PSCAD_DER
OPENDSS_DIS: Received Power_q = 0.090640 mvar at time 1.22 from PSCAD_DER
Received voltage mag and angel_deg at time 1.22: [0.9422560930252075, -88.92757415771484] pu
Received frequency at time 1.22: 59.49702691286802 Hz
Opendss run okay at time 1.22 !
Sending active power = 1752.267418309686 at time 1.22 to Transmission
Sending voltage = 0.9908407562456906 at time 1.22 to PSCAD_DER
Sending frequency = 59.49702691286802 Hz at time 1.22 to PSCAD_DER
=== time step = 1.24 seconds ===
OPENDSS_DIS: Received Power = 0.738292 mw at time 1.24 from PSCAD_DER
OPENDSS_DIS: Received Power_q = 0.053602 mvar at time 1.24 from PSCAD_DER
Received voltage mag and angel_deg at time 1.24: [0.9419843554496765, -92.83065032958984] pu
Received frequency at time 1.24: 59.49028596282005 Hz
Opendss run okay at time 1.24 !
Sending active power = 1580.634417305178 at time 1.24 to Transmission
Sending voltage = 0.9955283398214979 at time 1.24 to PSCAD_DER
Sending frequency = 59.49028596282005 Hz at time 1.24 to PSCAD_DER
=== time step = 1.26 seconds ===
OPENDSS_DIS: Received Power = 0.763004 mw at time 1.26 from PSCAD_DER
OPENDSS_DIS: Received Power_q = -0.988087 mvar at time 1.26 from PSCAD_DER
Received voltage mag and angel_deg at time 1.26: [0.9416695237159729, -96.78923797607422] pu
Received frequency at time 1.26: 59.48372757062316 Hz
Opendss run okay at time 1.26 !
Sending active power = 1556.2829413111954 at time 1.26 to Transmission
Sending voltage = 0.9958583995763663 at time 1.26 to PSCAD_DER
Sending frequency = 59.48372757062316 Hz at time 1.26 to PSCAD_DER
=== time step = 1.28 seconds ===
OPENDSS_DIS: Received Power = 0.574325 mw at time 1.28 from PSCAD_DER
OPENDSS_DIS: Received Power_q = -0.776418 mvar at time 1.28 from PSCAD_DER
Received voltage mag and angel_deg at time 1.28: [0.9417794942855835, -100.7013931274414] pu
Received frequency at time 1.28: 59.4787641428411 Hz
Opendss run okay at time 1.28 !
Sending active power = 1739.3393840372323 at time 1.28 to Transmission
Sending voltage = 0.9906492868416898 at time 1.28 to PSCAD_DER
Sending frequency = 59.4787641428411 Hz at time 1.28 to PSCAD_DER
=== time step = 1.3 seconds ===
OPENDSS_DIS: Received Power = 0.153657 mw at time 1.3 from PSCAD_DER
OPENDSS_DIS: Received Power_q = -0.503962 mvar at time 1.3 from PSCAD_DER
Received voltage mag and angel_deg at time 1.3: [0.9418174624443054, -104.6599349975586] pu
Received frequency at time 1.3: 59.47441600263119 Hz
Opendss run okay at time 1.3 !
Sending active power = 2150.085831867293 at time 1.3 to Transmission
Sending voltage = 0.9784802643462305 at time 1.3 to PSCAD_DER
Sending frequency = 59.47441600263119 Hz at time 1.3 to PSCAD_DER
=== time step = 1.32 seconds ===
OPENDSS_DIS: Received Power = 0.501770 mw at time 1.32 from PSCAD_DER
OPENDSS_DIS: Received Power_q = -0.418940 mvar at time 1.32 from PSCAD_DER
Received voltage mag and angel_deg at time 1.32: [0.9417840838432312, -107.86325073242188] pu
Received frequency at time 1.32: 59.471032563596964 Hz
Opendss run okay at time 1.32 !
Sending active power = 1809.9980964747524 at time 1.32 to Transmission
Sending voltage = 0.9885595967531172 at time 1.32 to PSCAD_DER
Sending frequency = 59.471032563596964 Hz at time 1.32 to PSCAD_DER
=== time step = 1.34 seconds ===
OPENDSS_DIS: Received Power = 0.914124 mw at time 1.34 from PSCAD_DER
OPENDSS_DIS: Received Power_q = -0.657375 mvar at time 1.34 from PSCAD_DER
Received voltage mag and angel_deg at time 1.34: [0.9415948987007141, -111.92642211914062] pu
Received frequency at time 1.34: 59.46663647890091 Hz
Opendss run okay at time 1.34 !
Sending active power = 1407.956476277379 at time 1.34 to Transmission
Sending voltage = 1.0001346423526731 at time 1.34 to PSCAD_DER
Sending frequency = 59.46663647890091 Hz at time 1.34 to PSCAD_DER
=== time step = 1.36 seconds ===
OPENDSS_DIS: Received Power = 0.656650 mw at time 1.36 from PSCAD_DER
OPENDSS_DIS: Received Power_q = -0.797815 mvar at time 1.36 from PSCAD_DER
Received voltage mag and angel_deg at time 1.36: [0.9412288069725037, -116.05708312988281] pu
Received frequency at time 1.36: 59.461917243897915 Hz
Opendss run okay at time 1.36 !
Sending active power = 1656.6363422742836 at time 1.36 to Transmission
Sending voltage = 0.992444337990355 at time 1.36 to PSCAD_DER
Sending frequency = 59.461917243897915 Hz at time 1.36 to PSCAD_DER
=== time step = 1.3900000000000001 seconds ===
OPENDSS_DIS: Received Power = 0.296082 mw at time 1.3900000000000001 from PSCAD_DER
OPENDSS_DIS: Received Power_q = -0.575440 mvar at time 1.3900000000000001 from PSCAD_DER
Received voltage mag and angel_deg at time 1.3900000000000001: [0.9414440989494324, -120.09507751464844] pu
Received frequency at time 1.3900000000000001: 59.459025263786316 Hz
Opendss run okay at time 1.3900000000000001 !
Sending active power = 2008.0583149889774 at time 1.3900000000000001 to Transmission
Sending voltage = 0.9822997821636936 at time 1.3900000000000001 to PSCAD_DER
Sending frequency = 59.459025263786316 Hz at time 1.3900000000000001 to PSCAD_DER
=== time step = 1.4100000000000001 seconds ===
OPENDSS_DIS: Received Power = 0.858508 mw at time 1.4100000000000001 from PSCAD_DER
OPENDSS_DIS: Received Power_q = -0.131020 mvar at time 1.4100000000000001 from PSCAD_DER
Received voltage mag and angel_deg at time 1.4100000000000001: [0.9417561292648315, -125.76914978027344] pu
Received frequency at time 1.4100000000000001: 59.45646392181516 Hz
Opendss run okay at time 1.4100000000000001 !
Sending active power = 1461.8715453027255 at time 1.4100000000000001 to Transmission
Sending voltage = 0.9987681890335423 at time 1.4100000000000001 to PSCAD_DER
Sending frequency = 59.45646392181516 Hz at time 1.4100000000000001 to PSCAD_DER
=== time step = 1.42 seconds ===
OPENDSS_DIS: Received Power = 0.886905 mw at time 1.42 from PSCAD_DER
OPENDSS_DIS: Received Power_q = -0.311022 mvar at time 1.42 from PSCAD_DER
Received voltage mag and angel_deg at time 1.42: [0.9416003823280334, -129.9210968017578] pu
Received frequency at time 1.42: 59.45385038852692 Hz
Opendss run okay at time 1.42 !
Sending active power = 1434.294200714877 at time 1.42 to Transmission
Sending voltage = 0.999376618337065 at time 1.42 to PSCAD_DER
Sending frequency = 59.45385038852692 Hz at time 1.42 to PSCAD_DER
=== time step = 1.44 seconds ===
OPENDSS_DIS: Received Power = 0.737516 mw at time 1.44 from PSCAD_DER
OPENDSS_DIS: Received Power_q = -0.982319 mvar at time 1.44 from PSCAD_DER
Received voltage mag and angel_deg at time 1.44: [0.9413461685180664, -131.62327575683594] pu
Received frequency at time 1.44: 59.45270497351885 Hz
Opendss run okay at time 1.44 !
Sending active power = 1578.3451392728136 at time 1.44 to Transmission
Sending voltage = 0.9948875352936881 at time 1.44 to PSCAD_DER
Sending frequency = 59.45270497351885 Hz at time 1.44 to PSCAD_DER
=== time step = 1.46 seconds ===
OPENDSS_DIS: Received Power = 0.861586 mw at time 1.46 from PSCAD_DER
OPENDSS_DIS: Received Power_q = -0.807812 mvar at time 1.46 from PSCAD_DER
Received voltage mag and angel_deg at time 1.46: [0.9417992830276489, -135.67735290527344] pu
Received frequency at time 1.46: 59.45128004997969 Hz
Opendss run okay at time 1.46 !
Sending active power = 1458.9793167031883 at time 1.46 to Transmission
Sending voltage = 0.9989019884161948 at time 1.46 to PSCAD_DER
Sending frequency = 59.45128004997969 Hz at time 1.46 to PSCAD_DER
=== time step = 1.48 seconds ===
OPENDSS_DIS: Received Power = 0.295515 mw at time 1.48 from PSCAD_DER
OPENDSS_DIS: Received Power_q = -0.181651 mvar at time 1.48 from PSCAD_DER
Received voltage mag and angel_deg at time 1.48: [0.9418836832046509, -139.8072967529297] pu
Received frequency at time 1.48: 59.45018308237195 Hz
Opendss run okay at time 1.48 !
Sending active power = 2009.1474417534052 at time 1.48 to Transmission
Sending voltage = 0.9828131344044442 at time 1.48 to PSCAD_DER
Sending frequency = 59.45018308237195 Hz at time 1.48 to PSCAD_DER
=== time step = 1.5 seconds ===
OPENDSS_DIS: Received Power = 0.772979 mw at time 1.5 from PSCAD_DER
OPENDSS_DIS: Received Power_q = -0.377092 mvar at time 1.5 from PSCAD_DER
Received voltage mag and angel_deg at time 1.5: [0.9418476223945618, -143.97109985351562] pu
Received frequency at time 1.5: 59.4488737732172 Hz
Opendss run okay at time 1.5 !
Sending active power = 1544.7013785275617 at time 1.5 to Transmission
Sending voltage = 0.9964694877976605 at time 1.5 to PSCAD_DER
Sending frequency = 59.4488737732172 Hz at time 1.5 to PSCAD_DER
=== time step = 1.52 seconds ===
OPENDSS_DIS: Received Power = 0.765005 mw at time 1.52 from PSCAD_DER
OPENDSS_DIS: Received Power_q = -0.891416 mvar at time 1.52 from PSCAD_DER
Received voltage mag and angel_deg at time 1.52: [0.9420009255409241, -147.26986694335938] pu
Received frequency at time 1.52: 59.448365326970816 Hz
Opendss run okay at time 1.52 !
Sending active power = 1552.6004601178151 at time 1.52 to Transmission
Sending voltage = 0.9964306004807534 at time 1.52 to PSCAD_DER
Sending frequency = 59.448365326970816 Hz at time 1.52 to PSCAD_DER
=== time step = 1.54 seconds ===
OPENDSS_DIS: Received Power = 0.547128 mw at time 1.54 from PSCAD_DER
OPENDSS_DIS: Received Power_q = -0.790131 mvar at time 1.54 from PSCAD_DER
Received voltage mag and angel_deg at time 1.54: [0.9416547417640686, -151.50637817382812] pu
Received frequency at time 1.54: 59.44671833887696 Hz
Opendss run okay at time 1.54 !
Sending active power = 1763.4687589524506 at time 1.54 to Transmission
Sending voltage = 0.9898331147369869 at time 1.54 to PSCAD_DER
Sending frequency = 59.44671833887696 Hz at time 1.54 to PSCAD_DER
=== time step = 1.56 seconds ===
OPENDSS_DIS: Received Power = 0.283559 mw at time 1.56 from PSCAD_DER
OPENDSS_DIS: Received Power_q = -0.402251 mvar at time 1.56 from PSCAD_DER
Received voltage mag and angel_deg at time 1.56: [0.942079484462738, -155.590087890625] pu
Received frequency at time 1.56: 59.44695755839348 Hz
Opendss run okay at time 1.56 !
Sending active power = 2021.0973605303277 at time 1.56 to Transmission
Sending voltage = 0.9826952744549975 at time 1.56 to PSCAD_DER
Sending frequency = 59.44695755839348 Hz at time 1.56 to PSCAD_DER
=== time step = 1.58 seconds ===
OPENDSS_DIS: Received Power = 0.422916 mw at time 1.58 from PSCAD_DER
OPENDSS_DIS: Received Power_q = 0.381751 mvar at time 1.58 from PSCAD_DER
Received voltage mag and angel_deg at time 1.58: [0.9421675205230713, -159.73524475097656] pu
Received frequency at time 1.58: 59.447202533483505 Hz
Opendss run okay at time 1.58 !
Sending active power = 1885.2174663847443 at time 1.58 to Transmission
Sending voltage = 0.9868396855980497 at time 1.58 to PSCAD_DER
Sending frequency = 59.447202533483505 Hz at time 1.58 to PSCAD_DER
=== time step = 1.6 seconds ===
OPENDSS_DIS: Received Power = 0.285936 mw at time 1.6 from PSCAD_DER
OPENDSS_DIS: Received Power_q = 0.312686 mvar at time 1.6 from PSCAD_DER
Received voltage mag and angel_deg at time 1.6: [0.9421052932739258, -163.9114227294922] pu
Received frequency at time 1.6: 59.44702606648207 Hz
Opendss run okay at time 1.6 !
Sending active power = 2018.741647753888 at time 1.6 to Transmission
Sending voltage = 0.9828038934352001 at time 1.6 to PSCAD_DER
Sending frequency = 59.44702606648207 Hz at time 1.6 to PSCAD_DER
=== time step = 1.62 seconds ===
OPENDSS_DIS: Received Power = 0.366139 mw at time 1.62 from PSCAD_DER
OPENDSS_DIS: Received Power_q = 0.160570 mvar at time 1.62 from PSCAD_DER
Received voltage mag and angel_deg at time 1.62: [0.9419807195663452, -167.26705932617188] pu
Received frequency at time 1.62: 59.446726497262716 Hz
Opendss run okay at time 1.62 !
Sending active power = 1940.3436227197597 at time 1.62 to Transmission
Sending voltage = 0.9849749161182262 at time 1.62 to PSCAD_DER
Sending frequency = 59.446726497262716 Hz at time 1.62 to PSCAD_DER
=== time step = 1.6400000000000001 seconds ===
OPENDSS_DIS: Received Power = 0.826084 mw at time 1.6400000000000001 from PSCAD_DER
OPENDSS_DIS: Received Power_q = -0.527296 mvar at time 1.6400000000000001 from PSCAD_DER
Received voltage mag and angel_deg at time 1.6400000000000001: [0.9421702027320862, -171.38900756835938] pu
Received frequency at time 1.6400000000000001: 59.4472867436707 Hz
Opendss run okay at time 1.6400000000000001 !
Sending active power = 1493.7316037811972 at time 1.6400000000000001 to Transmission
Sending voltage = 0.998347048976873 at time 1.6400000000000001 to PSCAD_DER
Sending frequency = 59.4472867436707 Hz at time 1.6400000000000001 to PSCAD_DER
=== time step = 1.6600000000000001 seconds ===
OPENDSS_DIS: Received Power = 0.760847 mw at time 1.6600000000000001 from PSCAD_DER
OPENDSS_DIS: Received Power_q = -0.843544 mvar at time 1.6600000000000001 from PSCAD_DER
Received voltage mag and angel_deg at time 1.6600000000000001: [0.9421598315238953, -175.54306030273438] pu
Received frequency at time 1.6600000000000001: 59.44780569523573 Hz
Opendss run okay at time 1.6600000000000001 !
Sending active power = 1556.805499355311 at time 1.6600000000000001 to Transmission
Sending voltage = 0.9965045659212896 at time 1.6600000000000001 to PSCAD_DER
Sending frequency = 59.44780569523573 Hz at time 1.6600000000000001 to PSCAD_DER
=== time step = 1.6800000000000002 seconds ===
OPENDSS_DIS: Received Power = 0.390306 mw at time 1.6800000000000002 from PSCAD_DER
OPENDSS_DIS: Received Power_q = -0.580998 mvar at time 1.6800000000000002 from PSCAD_DER
Received voltage mag and angel_deg at time 1.6800000000000002: [0.9423161745071411, -179.65687561035156] pu
Received frequency at time 1.6800000000000002: 59.44885052740574 Hz
Opendss run okay at time 1.6800000000000002 !
Sending active power = 1917.122421384723 at time 1.6800000000000002 to Transmission
Sending voltage = 0.9860875858863647 at time 1.6800000000000002 to PSCAD_DER
Sending frequency = 59.44885052740574 Hz at time 1.6800000000000002 to PSCAD_DER
=== time step = 1.7000000000000002 seconds ===
OPENDSS_DIS: Received Power = 0.237008 mw at time 1.7000000000000002 from PSCAD_DER
OPENDSS_DIS: Received Power_q = -0.414149 mvar at time 1.7000000000000002 from PSCAD_DER
Received voltage mag and angel_deg at time 1.7000000000000002: [0.9427758455276489, 176.3038330078125] pu
Received frequency at time 1.7000000000000002: 59.45101836696267 Hz
Opendss run okay at time 1.7000000000000002 !
Sending active power = 2067.4422021256187 at time 1.7000000000000002 to Transmission
Sending voltage = 0.9821775612177286 at time 1.7000000000000002 to PSCAD_DER
Sending frequency = 59.45101836696267 Hz at time 1.7000000000000002 to PSCAD_DER
=== time step = 1.7200000000000002 seconds ===
OPENDSS_DIS: Received Power = 0.858426 mw at time 1.7200000000000002 from PSCAD_DER
OPENDSS_DIS: Received Power_q = -0.576615 mvar at time 1.7200000000000002 from PSCAD_DER
Received voltage mag and angel_deg at time 1.7200000000000002: [0.942843496799469, 173.0219268798828] pu
Received frequency at time 1.7200000000000002: 59.45234064012766 Hz
Opendss run okay at time 1.7200000000000002 !
Sending active power = 1463.3222553766252 at time 1.7200000000000002 to Transmission
Sending voltage = 1.000048409524961 at time 1.7200000000000002 to PSCAD_DER
Sending frequency = 59.45234064012766 Hz at time 1.7200000000000002 to PSCAD_DER
=== time step = 1.74 seconds ===
OPENDSS_DIS: Received Power = 0.802441 mw at time 1.74 from PSCAD_DER
OPENDSS_DIS: Received Power_q = -0.665199 mvar at time 1.74 from PSCAD_DER
Received voltage mag and angel_deg at time 1.74: [0.9427095651626587, 168.8805389404297] pu
Received frequency at time 1.74: 59.453118704259396 Hz
Opendss run okay at time 1.74 !
Sending active power = 1517.2467659436215 at time 1.74 to Transmission
Sending voltage = 0.998326906681274 at time 1.74 to PSCAD_DER
Sending frequency = 59.453118704259396 Hz at time 1.74 to PSCAD_DER
=== time step = 1.76 seconds ===
OPENDSS_DIS: Received Power = 0.332036 mw at time 1.76 from PSCAD_DER
OPENDSS_DIS: Received Power_q = -0.553714 mvar at time 1.76 from PSCAD_DER
Received voltage mag and angel_deg at time 1.76: [0.9427191615104675, 164.77688598632812] pu
Received frequency at time 1.76: 59.45414073765278 Hz
Opendss run okay at time 1.76 !
Sending active power = 1974.502890724553 at time 1.76 to Transmission
Sending voltage = 0.9848788614792351 at time 1.76 to PSCAD_DER
Sending frequency = 59.45414073765278 Hz at time 1.76 to PSCAD_DER
=== time step = 1.78 seconds ===
OPENDSS_DIS: Received Power = 0.504051 mw at time 1.78 from PSCAD_DER
OPENDSS_DIS: Received Power_q = -0.560543 mvar at time 1.78 from PSCAD_DER
Received voltage mag and angel_deg at time 1.78: [0.9433150291442871, 160.8101043701172] pu
Received frequency at time 1.78: 59.45703523233533 Hz
Opendss run okay at time 1.78 !
Sending active power = 1807.6349258455502 at time 1.78 to Transmission
Sending voltage = 0.9905449473633222 at time 1.78 to PSCAD_DER
Sending frequency = 59.45703523233533 Hz at time 1.78 to PSCAD_DER
=== time step = 1.8 seconds ===
OPENDSS_DIS: Received Power = 0.711899 mw at time 1.8 from PSCAD_DER
OPENDSS_DIS: Received Power_q = -0.809065 mvar at time 1.8 from PSCAD_DER
Received voltage mag and angel_deg at time 1.8: [0.9434379935264587, 156.7685546875] pu
Received frequency at time 1.8: 59.45937193930149 Hz
Opendss run okay at time 1.8 !
Sending active power = 1605.918468556886 at time 1.8 to Transmission
Sending voltage = 0.9966164866396519 at time 1.8 to PSCAD_DER
Sending frequency = 59.45937193930149 Hz at time 1.8 to PSCAD_DER
=== time step = 1.82 seconds ===
OPENDSS_DIS: Received Power = 0.830830 mw at time 1.82 from PSCAD_DER
OPENDSS_DIS: Received Power_q = -0.650741 mvar at time 1.82 from PSCAD_DER
Received voltage mag and angel_deg at time 1.82: [0.9432184100151062, 153.4792022705078] pu
Received frequency at time 1.82: 59.46030132472515 Hz
Opendss run okay at time 1.82 !
Sending active power = 1490.4836804260742 at time 1.82 to Transmission
Sending voltage = 0.9997155504149373 at time 1.82 to PSCAD_DER
Sending frequency = 59.46030132472515 Hz at time 1.82 to PSCAD_DER
=== time step = 1.84 seconds ===
OPENDSS_DIS: Received Power = 0.399375 mw at time 1.84 from PSCAD_DER
OPENDSS_DIS: Received Power_q = -0.355202 mvar at time 1.84 from PSCAD_DER
Received voltage mag and angel_deg at time 1.84: [0.9434913396835327, 149.48797607421875] pu
Received frequency at time 1.84: 59.462366569787264 Hz
Opendss run okay at time 1.84 !
Sending active power = 1909.7393835643538 at time 1.84 to Transmission
Sending voltage = 0.9877565608505877 at time 1.84 to PSCAD_DER
Sending frequency = 59.462366569787264 Hz at time 1.84 to PSCAD_DER
=== time step = 1.86 seconds ===
OPENDSS_DIS: Received Power = 0.581996 mw at time 1.86 from PSCAD_DER
OPENDSS_DIS: Received Power_q = -0.406345 mvar at time 1.86 from PSCAD_DER
Received voltage mag and angel_deg at time 1.86: [0.9438005089759827, 145.5271759033203] pu
Received frequency at time 1.86: 59.46512231603265 Hz
Opendss run okay at time 1.86 !
Sending active power = 1732.4354842439566 at time 1.86 to Transmission
Sending voltage = 0.9933553767017997 at time 1.86 to PSCAD_DER
Sending frequency = 59.46512231603265 Hz at time 1.86 to PSCAD_DER
=== time step = 1.8900000000000001 seconds ===
OPENDSS_DIS: Received Power = 0.663712 mw at time 1.8900000000000001 from PSCAD_DER
OPENDSS_DIS: Received Power_q = -0.845201 mvar at time 1.8900000000000001 from PSCAD_DER
Received voltage mag and angel_deg at time 1.8900000000000001: [0.944061815738678, 141.5773162841797] pu
Received frequency at time 1.8900000000000001: 59.467983059585094 Hz
Opendss run okay at time 1.8900000000000001 !
Sending active power = 1653.38557245062 at time 1.8900000000000001 to Transmission
Sending voltage = 0.99599837713131 at time 1.8900000000000001 to PSCAD_DER
Sending frequency = 59.467983059585094 Hz at time 1.8900000000000001 to PSCAD_DER
=== time step = 1.9100000000000001 seconds ===
OPENDSS_DIS: Received Power = 0.657797 mw at time 1.9100000000000001 from PSCAD_DER
OPENDSS_DIS: Received Power_q = -0.599721 mvar at time 1.9100000000000001 from PSCAD_DER
Received voltage mag and angel_deg at time 1.9100000000000001: [0.9439931511878967, 135.98374938964844] pu
Received frequency at time 1.9100000000000001: 59.47060978040099 Hz
Opendss run okay at time 1.9100000000000001 !
Sending active power = 1658.9685696932831 at time 1.9100000000000001 to Transmission
Sending voltage = 0.995758857292373 at time 1.9100000000000001 to PSCAD_DER
Sending frequency = 59.47060978040099 Hz at time 1.9100000000000001 to PSCAD_DER
=== time step = 1.92 seconds ===
OPENDSS_DIS: Received Power = 0.413346 mw at time 1.92 from PSCAD_DER
OPENDSS_DIS: Received Power_q = 0.161863 mvar at time 1.92 from PSCAD_DER
Received voltage mag and angel_deg at time 1.92: [0.9443148970603943, 132.08413696289062] pu
Received frequency at time 1.92: 59.47349863126874 Hz
Opendss run okay at time 1.92 !
Sending active power = 1897.1518377615466 at time 1.92 to Transmission
Sending voltage = 0.9891430205519521 at time 1.92 to PSCAD_DER
Sending frequency = 59.47349863126874 Hz at time 1.92 to PSCAD_DER
=== time step = 1.94 seconds ===
OPENDSS_DIS: Received Power = 0.159405 mw at time 1.94 from PSCAD_DER
OPENDSS_DIS: Received Power_q = 0.225558 mvar at time 1.94 from PSCAD_DER
Received voltage mag and angel_deg at time 1.94: [0.9444566369056702, 130.53250122070312] pu
Received frequency at time 1.94: 59.474707804620266 Hz
Opendss run okay at time 1.94 !
Sending active power = 2145.6074123504727 at time 1.94 to Transmission
Sending voltage = 0.9819146226582227 at time 1.94 to PSCAD_DER
Sending frequency = 59.474707804620266 Hz at time 1.94 to PSCAD_DER
=== time step = 1.96 seconds ===
OPENDSS_DIS: Received Power = 0.313972 mw at time 1.96 from PSCAD_DER
OPENDSS_DIS: Received Power_q = 0.225336 mvar at time 1.96 from PSCAD_DER
Received voltage mag and angel_deg at time 1.96: [0.9446771144866943, 126.64169311523438] pu
Received frequency at time 1.96: 59.47775401175022 Hz
Opendss run okay at time 1.96 !
Sending active power = 1994.7024107630286 at time 1.96 to Transmission
Sending voltage = 0.9866826177733099 at time 1.96 to PSCAD_DER
Sending frequency = 59.47775401175022 Hz at time 1.96 to PSCAD_DER
=== time step = 1.98 seconds ===
OPENDSS_DIS: Received Power = 0.501421 mw at time 1.98 from PSCAD_DER
OPENDSS_DIS: Received Power_q = 0.168945 mvar at time 1.98 from PSCAD_DER
Received voltage mag and angel_deg at time 1.98: [0.9447377920150757, 122.73426818847656] pu
Received frequency at time 1.98: 59.48019750416279 Hz
Opendss run okay at time 1.98 !
Sending active power = 1811.9727756794575 at time 1.98 to Transmission
Sending voltage = 0.9921660108815314 at time 1.98 to PSCAD_DER
Sending frequency = 59.48019750416279 Hz at time 1.98 to PSCAD_DER
=== time step = 2.0 seconds ===
OPENDSS_DIS: Received Power = 0.811210 mw at time 2.0 from PSCAD_DER
OPENDSS_DIS: Received Power_q = -0.917116 mvar at time 2.0 from PSCAD_DER
Received voltage mag and angel_deg at time 2.0: [0.944794774055481, 118.84085083007812] pu
Received frequency at time 2.0: 59.482436031103134 Hz
Opendss run okay at time 2.0 !
Sending active power = 1511.4204606160324 at time 2.0 to Transmission
Sending voltage = 1.0010304883484946 at time 2.0 to PSCAD_DER
Sending frequency = 59.482436031103134 Hz at time 2.0 to PSCAD_DER
=== time step = 2.02 seconds ===
OPENDSS_DIS: Received Power = 0.518831 mw at time 2.02 from PSCAD_DER
OPENDSS_DIS: Received Power_q = -0.808767 mvar at time 2.02 from PSCAD_DER
Received voltage mag and angel_deg at time 2.02: [0.9451135993003845, 115.79417419433594] pu
Received frequency at time 2.02: 59.48489919304848 Hz
Opendss run okay at time 2.02 !
Sending active power = 1795.4105390779873 at time 2.02 to Transmission
Sending voltage = 0.9931288955561781 at time 2.02 to PSCAD_DER
Sending frequency = 59.48489919304848 Hz at time 2.02 to PSCAD_DER
=== time step = 2.04 seconds ===
OPENDSS_DIS: Received Power = 0.424597 mw at time 2.04 from PSCAD_DER
OPENDSS_DIS: Received Power_q = -0.592788 mvar at time 2.04 from PSCAD_DER
Received voltage mag and angel_deg at time 2.04: [0.9455349445343018, 112.01258850097656] pu
Received frequency at time 2.04: 59.488442447036505 Hz
Opendss run okay at time 2.04 !
Sending active power = 1887.6851189851998 at time 2.04 to Transmission
Sending voltage = 0.9909286138304592 at time 2.04 to PSCAD_DER
Sending frequency = 59.488442447036505 Hz at time 2.04 to PSCAD_DER
=== time step = 2.06 seconds ===
OPENDSS_DIS: Received Power = 0.494838 mw at time 2.06 from PSCAD_DER
OPENDSS_DIS: Received Power_q = -0.256954 mvar at time 2.06 from PSCAD_DER
Received voltage mag and angel_deg at time 2.06: [0.9460835456848145, 108.27954864501953] pu
Received frequency at time 2.06: 59.49241150170565 Hz
Opendss run okay at time 2.06 !
Sending active power = 1820.0277863968686 at time 2.06 to Transmission
Sending voltage = 0.993588605871813 at time 2.06 to PSCAD_DER
Sending frequency = 59.49241150170565 Hz at time 2.06 to PSCAD_DER
=== time step = 2.08 seconds ===
OPENDSS_DIS: Received Power = 0.915211 mw at time 2.08 from PSCAD_DER
OPENDSS_DIS: Received Power_q = -0.579549 mvar at time 2.08 from PSCAD_DER
Received voltage mag and angel_deg at time 2.08: [0.9462184309959412, 104.48257446289062] pu
Received frequency at time 2.08: 59.49526945129037 Hz
Opendss run okay at time 2.08 !
Sending active power = 1408.0501350278143 at time 2.08 to Transmission
Sending voltage = 0.9991791903900866 at time 2.08 to PSCAD_DER
Sending frequency = 59.49526945129037 Hz at time 2.08 to PSCAD_DER
=== time step = 2.1 seconds ===
OPENDSS_DIS: Received Power = 0.588489 mw at time 2.1 from PSCAD_DER
OPENDSS_DIS: Received Power_q = -0.788920 mvar at time 2.1 from PSCAD_DER
Received voltage mag and angel_deg at time 2.1: [0.9465076923370361, 100.73252868652344] pu
Received frequency at time 2.1: 59.49812879785895 Hz
Opendss run okay at time 2.1 !
Sending active power = 1724.8062507848865 at time 2.1 to Transmission
Sending voltage = 0.9902949222620216 at time 2.1 to PSCAD_DER
Sending frequency = 59.49812879785895 Hz at time 2.1 to PSCAD_DER
=== time step = 2.12 seconds ===
OPENDSS_DIS: Received Power = 0.472814 mw at time 2.12 from PSCAD_DER
OPENDSS_DIS: Received Power_q = -0.589552 mvar at time 2.12 from PSCAD_DER
Received voltage mag and angel_deg at time 2.12: [0.9468569159507751, 97.7713851928711] pu
Received frequency at time 2.12: 59.500747695565224 Hz
Opendss run okay at time 2.12 !
Sending active power = 1837.7373376940561 at time 2.12 to Transmission
Sending voltage = 0.9873968071646045 at time 2.12 to PSCAD_DER
Sending frequency = 59.500747695565224 Hz at time 2.12 to PSCAD_DER
=== time step = 2.14 seconds ===
OPENDSS_DIS: Received Power = 0.695586 mw at time 2.14 from PSCAD_DER
OPENDSS_DIS: Received Power_q = -0.442480 mvar at time 2.14 from PSCAD_DER
Received voltage mag and angel_deg at time 2.14: [0.9475706815719604, 94.14955139160156] pu
Received frequency at time 2.14: 59.50498826801777 Hz
Opendss run okay at time 2.14 !
Sending active power = 1622.2930591367917 at time 2.14 to Transmission
Sending voltage = 0.9945754696075995 at time 2.14 to PSCAD_DER
Sending frequency = 59.50498826801777 Hz at time 2.14 to PSCAD_DER
=== time step = 2.16 seconds ===
OPENDSS_DIS: Received Power = 0.798744 mw at time 2.16 from PSCAD_DER
OPENDSS_DIS: Received Power_q = -0.739851 mvar at time 2.16 from PSCAD_DER
Received voltage mag and angel_deg at time 2.16: [0.9477628469467163, 90.44486999511719] pu
Received frequency at time 2.16: 59.50798099860549 Hz
Opendss run okay at time 2.16 !
Sending active power = 1522.5763493404108 at time 2.16 to Transmission
Sending voltage = 0.9977199706699497 at time 2.16 to PSCAD_DER
Sending frequency = 59.50798099860549 Hz at time 2.16 to PSCAD_DER
=== time step = 2.18 seconds ===
OPENDSS_DIS: Received Power = 0.602973 mw at time 2.18 from PSCAD_DER
OPENDSS_DIS: Received Power_q = -0.829818 mvar at time 2.18 from PSCAD_DER
Received voltage mag and angel_deg at time 2.18: [0.9481142163276672, 86.78856658935547] pu
Received frequency at time 2.18: 59.510903153568506 Hz
Opendss run okay at time 2.18 !
Sending active power = 1712.6891893840516 at time 2.18 to Transmission
Sending voltage = 0.9926163185863937 at time 2.18 to PSCAD_DER
Sending frequency = 59.510903153568506 Hz at time 2.18 to PSCAD_DER
=== time step = 2.2 seconds ===
OPENDSS_DIS: Received Power = 0.436206 mw at time 2.2 from PSCAD_DER
OPENDSS_DIS: Received Power_q = -0.432492 mvar at time 2.2 from PSCAD_DER
Received voltage mag and angel_deg at time 2.2: [0.9487284421920776, 83.20864868164062] pu
Received frequency at time 2.2: 59.51458230614662 Hz
Opendss run okay at time 2.2 !
Sending active power = 1875.7186076822522 at time 2.2 to Transmission
Sending voltage = 0.9885682766021948 at time 2.2 to PSCAD_DER
Sending frequency = 59.51458230614662 Hz at time 2.2 to PSCAD_DER
=== time step = 2.22 seconds ===
OPENDSS_DIS: Received Power = 0.846153 mw at time 2.22 from PSCAD_DER
OPENDSS_DIS: Received Power_q = -0.322661 mvar at time 2.22 from PSCAD_DER
Received voltage mag and angel_deg at time 2.22: [0.9491835832595825, 80.35572814941406] pu
Received frequency at time 2.22: 59.517581071704626 Hz
Opendss run okay at time 2.22 !
Sending active power = 1476.3439892372705 at time 2.22 to Transmission
Sending voltage = 1.0008393813320935 at time 2.22 to PSCAD_DER
Sending frequency = 59.517581071704626 Hz at time 2.22 to PSCAD_DER
=== time step = 2.24 seconds ===
OPENDSS_DIS: Received Power = 0.591428 mw at time 2.24 from PSCAD_DER
OPENDSS_DIS: Received Power_q = -0.783997 mvar at time 2.24 from PSCAD_DER
Received voltage mag and angel_deg at time 2.24: [0.9495303630828857, 76.76387023925781] pu
Received frequency at time 2.24: 59.52067958191037 Hz
Opendss run okay at time 2.24 !
Sending active power = 1723.500512487059 at time 2.24 to Transmission
Sending voltage = 0.9940752252629128 at time 2.24 to PSCAD_DER
Sending frequency = 59.52067958191037 Hz at time 2.24 to PSCAD_DER
=== time step = 2.27 seconds ===
OPENDSS_DIS: Received Power = 0.789754 mw at time 2.27 from PSCAD_DER
OPENDSS_DIS: Received Power_q = -0.522991 mvar at time 2.27 from PSCAD_DER
Received voltage mag and angel_deg at time 2.27: [0.94990074634552, 73.19528198242188] pu
Received frequency at time 2.27: 59.52353937551379 Hz
Opendss run okay at time 2.27 !
Sending active power = 1531.8369669666201 at time 2.27 to Transmission
Sending voltage = 1.00009327598455 at time 2.27 to PSCAD_DER
Sending frequency = 59.52353937551379 Hz at time 2.27 to PSCAD_DER
=== time step = 2.2800000000000002 seconds ===
OPENDSS_DIS: Received Power = 0.101619 mw at time 2.2800000000000002 from PSCAD_DER
OPENDSS_DIS: Received Power_q = 0.315896 mvar at time 2.2800000000000002 from PSCAD_DER
Received voltage mag and angel_deg at time 2.2800000000000002: [0.9509201049804688, 68.3426742553711] pu
Received frequency at time 2.2800000000000002: 59.529057294130325 Hz
Opendss run okay at time 2.2800000000000002 !
Sending active power = 2203.5635910285496 at time 2.2800000000000002 to Transmission
Sending voltage = 0.9815304695209344 at time 2.2800000000000002 to PSCAD_DER
Sending frequency = 59.529057294130325 Hz at time 2.2800000000000002 to PSCAD_DER
=== time step = 2.31 seconds ===
OPENDSS_DIS: Received Power = 0.166691 mw at time 2.31 from PSCAD_DER
OPENDSS_DIS: Received Power_q = 0.287795 mvar at time 2.31 from PSCAD_DER
Received voltage mag and angel_deg at time 2.31: [0.9510555267333984, 66.21755981445312] pu
Received frequency at time 2.31: 59.53081229701638 Hz
Opendss run okay at time 2.31 !
Sending active power = 2139.9910470798377 at time 2.31 to Transmission
Sending voltage = 0.9835916363843321 at time 2.31 to PSCAD_DER
Sending frequency = 59.53081229701638 Hz at time 2.31 to PSCAD_DER
=== time step = 2.32 seconds ===
OPENDSS_DIS: Received Power = 0.444365 mw at time 2.32 from PSCAD_DER
OPENDSS_DIS: Received Power_q = 0.188522 mvar at time 2.32 from PSCAD_DER
Received voltage mag and angel_deg at time 2.32: [0.9519557952880859, 61.403175354003906] pu
Received frequency at time 2.32: 59.535690592601895 Hz
Opendss run okay at time 2.32 !
Sending active power = 1869.7127735376744 at time 2.32 to Transmission
Sending voltage = 0.9927233071630877 at time 2.32 to PSCAD_DER
Sending frequency = 59.535690592601895 Hz at time 2.32 to PSCAD_DER
=== time step = 2.34 seconds ===
OPENDSS_DIS: Received Power = 0.611778 mw at time 2.34 from PSCAD_DER
OPENDSS_DIS: Received Power_q = -0.052300 mvar at time 2.34 from PSCAD_DER
Received voltage mag and angel_deg at time 2.34: [0.9516748785972595, 59.93214416503906] pu
Received frequency at time 2.34: 59.53664151951671 Hz
Opendss run okay at time 2.34 !
Sending active power = 1706.5626963549207 at time 2.34 to Transmission
Sending voltage = 0.9971616030240354 at time 2.34 to PSCAD_DER
Sending frequency = 59.53664151951671 Hz at time 2.34 to PSCAD_DER
=== time step = 2.36 seconds ===
OPENDSS_DIS: Received Power = 0.403948 mw at time 2.36 from PSCAD_DER
OPENDSS_DIS: Received Power_q = -1.027760 mvar at time 2.36 from PSCAD_DER
Received voltage mag and angel_deg at time 2.36: [0.9522474408149719, 56.502201080322266] pu
Received frequency at time 2.36: 59.53869069926441 Hz
Opendss run okay at time 2.36 !
Sending active power = 1909.3761963226962 at time 2.36 to Transmission
Sending voltage = 0.9919247215357272 at time 2.36 to PSCAD_DER
Sending frequency = 59.53869069926441 Hz at time 2.36 to PSCAD_DER
=== time step = 2.38 seconds ===
OPENDSS_DIS: Received Power = 0.540377 mw at time 2.38 from PSCAD_DER
OPENDSS_DIS: Received Power_q = -0.783605 mvar at time 2.38 from PSCAD_DER
Received voltage mag and angel_deg at time 2.38: [0.9529775381088257, 53.133628845214844] pu
Received frequency at time 2.38: 59.54216346144676 Hz
Opendss run okay at time 2.38 !
Sending active power = 1777.5864036868802 at time 2.38 to Transmission
Sending voltage = 0.9966711626776968 at time 2.38 to PSCAD_DER
Sending frequency = 59.54216346144676 Hz at time 2.38 to PSCAD_DER
=== time step = 2.4 seconds ===
OPENDSS_DIS: Received Power = 0.131012 mw at time 2.4 from PSCAD_DER
OPENDSS_DIS: Received Power_q = -0.476378 mvar at time 2.4 from PSCAD_DER
Received voltage mag and angel_deg at time 2.4: [0.9536447525024414, 49.77915573120117] pu
Received frequency at time 2.4: 59.54578723758459 Hz
Opendss run okay at time 2.4 !
Sending active power = 2178.099243480527 at time 2.4 to Transmission
Sending voltage = 0.9856583483582437 at time 2.4 to PSCAD_DER
Sending frequency = 59.54578723758459 Hz at time 2.4 to PSCAD_DER
=== time step = 2.42 seconds ===
OPENDSS_DIS: Received Power = 0.681132 mw at time 2.42 from PSCAD_DER
OPENDSS_DIS: Received Power_q = -0.457203 mvar at time 2.42 from PSCAD_DER
Received voltage mag and angel_deg at time 2.42: [0.9539362788200378, 47.0623893737793] pu
Received frequency at time 2.42: 59.54803828150034 Hz
Opendss run okay at time 2.42 !
Sending active power = 1642.0635605354876 at time 2.42 to Transmission
Sending voltage = 1.0017951641247393 at time 2.42 to PSCAD_DER
Sending frequency = 59.54803828150034 Hz at time 2.42 to PSCAD_DER
=== time step = 2.44 seconds ===
OPENDSS_DIS: Received Power = 0.811981 mw at time 2.44 from PSCAD_DER
OPENDSS_DIS: Received Power_q = -0.699642 mvar at time 2.44 from PSCAD_DER
Received voltage mag and angel_deg at time 2.44: [0.9545894265174866, 43.74091720581055] pu
Received frequency at time 2.44: 59.55119725316763 Hz
Opendss run okay at time 2.44 !
Sending active power = 1509.2021463434562 at time 2.44 to Transmission
Sending voltage = 0.999862262903381 at time 2.44 to PSCAD_DER
Sending frequency = 59.55119725316763 Hz at time 2.44 to PSCAD_DER
=== time step = 2.46 seconds ===
OPENDSS_DIS: Received Power = 0.464163 mw at time 2.46 from PSCAD_DER
OPENDSS_DIS: Received Power_q = -0.692894 mvar at time 2.46 from PSCAD_DER
Received voltage mag and angel_deg at time 2.46: [0.9548405408859253, 40.359134674072266] pu
Received frequency at time 2.46: 59.553366489708424 Hz
Opendss run okay at time 2.46 !
Sending active power = 1847.171201624676 at time 2.46 to Transmission
Sending voltage = 0.9902728962231521 at time 2.46 to PSCAD_DER
Sending frequency = 59.553366489708424 Hz at time 2.46 to PSCAD_DER
=== time step = 2.48 seconds ===
OPENDSS_DIS: Received Power = 0.540323 mw at time 2.48 from PSCAD_DER
OPENDSS_DIS: Received Power_q = -0.451237 mvar at time 2.48 from PSCAD_DER
Received voltage mag and angel_deg at time 2.48: [0.9557920098304749, 37.1392936706543] pu
Received frequency at time 2.48: 59.5571100153029 Hz
Opendss run okay at time 2.48 !
Sending active power = 1774.2862844374154 at time 2.48 to Transmission
Sending voltage = 0.9935641975845372 at time 2.48 to PSCAD_DER
Sending frequency = 59.5571100153029 Hz at time 2.48 to PSCAD_DER
=== time step = 2.5 seconds ===
OPENDSS_DIS: Received Power = 0.894107 mw at time 2.5 from PSCAD_DER
OPENDSS_DIS: Received Power_q = -0.580324 mvar at time 2.5 from PSCAD_DER
Received voltage mag and angel_deg at time 2.5: [0.9564655423164368, 33.89207458496094] pu
Received frequency at time 2.5: 59.56069964915514 Hz
Opendss run okay at time 2.5 !
Sending active power = 1432.2658025639732 at time 2.5 to Transmission
Sending voltage = 1.004328930382508 at time 2.5 to PSCAD_DER
Sending frequency = 59.56069964915514 Hz at time 2.5 to PSCAD_DER
=== time step = 2.52 seconds ===
OPENDSS_DIS: Received Power = 0.575496 mw at time 2.52 from PSCAD_DER
OPENDSS_DIS: Received Power_q = -0.792813 mvar at time 2.52 from PSCAD_DER
Received voltage mag and angel_deg at time 2.52: [0.9566773772239685, 31.242321014404297] pu
Received frequency at time 2.52: 59.562599658966064 Hz
Opendss run okay at time 2.52 !
Sending active power = 1741.1327450733927 at time 2.52 to Transmission
Sending voltage = 0.9956187221014273 at time 2.52 to PSCAD_DER
Sending frequency = 59.562599658966064 Hz at time 2.52 to PSCAD_DER
=== time step = 2.54 seconds ===
OPENDSS_DIS: Received Power = 0.497593 mw at time 2.54 from PSCAD_DER
OPENDSS_DIS: Received Power_q = -0.586380 mvar at time 2.54 from PSCAD_DER
Received voltage mag and angel_deg at time 2.54: [0.9573009610176086, 28.015865325927734] pu
Received frequency at time 2.54: 59.565334813669324 Hz
Opendss run okay at time 2.54 !
Sending active power = 1817.6624328071653 at time 2.54 to Transmission
Sending voltage = 0.9941321513922274 at time 2.54 to PSCAD_DER
Sending frequency = 59.565334813669324 Hz at time 2.54 to PSCAD_DER
=== time step = 2.56 seconds ===
OPENDSS_DIS: Received Power = 0.674848 mw at time 2.56 from PSCAD_DER
OPENDSS_DIS: Received Power_q = -0.353845 mvar at time 2.56 from PSCAD_DER
Received voltage mag and angel_deg at time 2.56: [0.9581308960914612, 24.856950759887695] pu
Received frequency at time 2.56: 59.568900894373655 Hz
Opendss run okay at time 2.56 !
Sending active power = 1646.5794524246417 at time 2.56 to Transmission
Sending voltage = 1.0001222699336632 at time 2.56 to PSCAD_DER
Sending frequency = 59.568900894373655 Hz at time 2.56 to PSCAD_DER
=== time step = 2.58 seconds ===
OPENDSS_DIS: Received Power = 0.725439 mw at time 2.58 from PSCAD_DER
OPENDSS_DIS: Received Power_q = -0.791508 mvar at time 2.58 from PSCAD_DER
Received voltage mag and angel_deg at time 2.58: [0.9584824442863464, 21.62380599975586] pu
Received frequency at time 2.58: 59.57133321091533 Hz
Opendss run okay at time 2.58 !
Sending active power = 1597.928908326912 at time 2.58 to Transmission
Sending voltage = 1.0019671013024343 at time 2.58 to PSCAD_DER
Sending frequency = 59.57133321091533 Hz at time 2.58 to PSCAD_DER
=== time step = 2.6 seconds ===
OPENDSS_DIS: Received Power = 0.596263 mw at time 2.6 from PSCAD_DER
OPENDSS_DIS: Received Power_q = -0.880033 mvar at time 2.6 from PSCAD_DER
Received voltage mag and angel_deg at time 2.6: [0.9589919447898865, 18.438852310180664] pu
Received frequency at time 2.6: 59.573762314394116 Hz
Opendss run okay at time 2.6 !
Sending active power = 1723.8092721083178 at time 2.6 to Transmission
Sending voltage = 0.9989321638333608 at time 2.6 to PSCAD_DER
Sending frequency = 59.573762314394116 Hz at time 2.6 to PSCAD_DER
=== time step = 2.62 seconds ===
OPENDSS_DIS: Received Power = 0.537901 mw at time 2.62 from PSCAD_DER
OPENDSS_DIS: Received Power_q = -0.231233 mvar at time 2.62 from PSCAD_DER
Received voltage mag and angel_deg at time 2.62: [0.9595671892166138, 15.940337181091309] pu
Received frequency at time 2.62: 59.576171413064 Hz
Opendss run okay at time 2.62 !
Sending active power = 1781.1631776663833 at time 2.62 to Transmission
Sending voltage = 0.9979617987928557 at time 2.62 to PSCAD_DER
Sending frequency = 59.576171413064 Hz at time 2.62 to PSCAD_DER
=== time step = 2.64 seconds ===
OPENDSS_DIS: Received Power = 0.279092 mw at time 2.64 from PSCAD_DER
OPENDSS_DIS: Received Power_q = 0.251078 mvar at time 2.64 from PSCAD_DER
Received voltage mag and angel_deg at time 2.64: [0.9601660370826721, 12.815312385559082] pu
Received frequency at time 2.64: 59.579111812636256 Hz
Opendss run okay at time 2.64 !
Sending active power = 2034.3671381441322 at time 2.64 to Transmission
Sending voltage = 0.9912351912134246 at time 2.64 to PSCAD_DER
Sending frequency = 59.579111812636256 Hz at time 2.64 to PSCAD_DER
=== time step = 2.66 seconds ===
OPENDSS_DIS: Received Power = 0.252685 mw at time 2.66 from PSCAD_DER
OPENDSS_DIS: Received Power_q = 0.213460 mvar at time 2.66 from PSCAD_DER
Received voltage mag and angel_deg at time 2.66: [0.9606315493583679, 9.682798385620117] pu
Received frequency at time 2.66: 59.58158377557993 Hz
Opendss run okay at time 2.66 !
Sending active power = 2060.7607334921204 at time 2.66 to Transmission
Sending voltage = 0.9910243345505518 at time 2.66 to PSCAD_DER
Sending frequency = 59.58158377557993 Hz at time 2.66 to PSCAD_DER
=== time step = 2.68 seconds ===
OPENDSS_DIS: Received Power = 0.413403 mw at time 2.68 from PSCAD_DER
OPENDSS_DIS: Received Power_q = 0.223817 mvar at time 2.68 from PSCAD_DER
Received voltage mag and angel_deg at time 2.68: [0.9611361026763916, 6.576581954956055] pu
Received frequency at time 2.68: 59.58398801274598 Hz
Opendss run okay at time 2.68 !
Sending active power = 1904.5414305163054 at time 2.68 to Transmission
Sending voltage = 0.9962314008976692 at time 2.68 to PSCAD_DER
Sending frequency = 59.58398801274598 Hz at time 2.68 to PSCAD_DER
=== time step = 2.7 seconds ===
OPENDSS_DIS: Received Power = 0.809980 mw at time 2.7 from PSCAD_DER
OPENDSS_DIS: Received Power_q = -0.432923 mvar at time 2.7 from PSCAD_DER
Received voltage mag and angel_deg at time 2.7: [0.9614793658256531, 3.456202745437622] pu
Received frequency at time 2.7: 59.58592286333442 Hz
Opendss run okay at time 2.7 !
Sending active power = 1512.807972713302 at time 2.7 to Transmission
Sending voltage = 1.0014182252551902 at time 2.7 to PSCAD_DER
Sending frequency = 59.58592286333442 Hz at time 2.7 to PSCAD_DER
=== time step = 2.72 seconds ===
OPENDSS_DIS: Received Power = 0.595599 mw at time 2.72 from PSCAD_DER
OPENDSS_DIS: Received Power_q = -0.963831 mvar at time 2.72 from PSCAD_DER
Received voltage mag and angel_deg at time 2.72: [0.9618702530860901, 0.9955739378929138] pu
Received frequency at time 2.72: 59.58767649717629 Hz
Opendss run okay at time 2.72 !
Sending active power = 1721.0960365800352 at time 2.72 to Transmission
Sending voltage = 0.9958296643615487 at time 2.72 to PSCAD_DER
Sending frequency = 59.58767649717629 Hz at time 2.72 to PSCAD_DER
=== time step = 2.74 seconds ===
OPENDSS_DIS: Received Power = 0.615252 mw at time 2.74 from PSCAD_DER
OPENDSS_DIS: Received Power_q = -0.365990 mvar at time 2.74 from PSCAD_DER
Received voltage mag and angel_deg at time 2.74: [0.9624911546707153, -2.034350872039795] pu
Received frequency at time 2.74: 59.590320847928524 Hz
Opendss run okay at time 2.74 !
Sending active power = 1702.8671052695067 at time 2.74 to Transmission
Sending voltage = 0.9970963277232134 at time 2.74 to PSCAD_DER
Sending frequency = 59.590320847928524 Hz at time 2.74 to PSCAD_DER
=== time step = 2.77 seconds ===
OPENDSS_DIS: Received Power = 0.310545 mw at time 2.77 from PSCAD_DER
OPENDSS_DIS: Received Power_q = -0.055669 mvar at time 2.77 from PSCAD_DER
Received voltage mag and angel_deg at time 2.77: [0.9632923603057861, -5.004331588745117] pu
Received frequency at time 2.77: 59.593643713742495 Hz
Opendss run okay at time 2.77 !
Sending active power = 2000.6254125338025 at time 2.77 to Transmission
Sending voltage = 0.989317931855444 at time 2.77 to PSCAD_DER
Sending frequency = 59.593643713742495 Hz at time 2.77 to PSCAD_DER
=== time step = 2.7800000000000002 seconds ===
OPENDSS_DIS: Received Power = 0.873619 mw at time 2.7800000000000002 from PSCAD_DER
OPENDSS_DIS: Received Power_q = -0.773151 mvar at time 2.7800000000000002 from PSCAD_DER
Received voltage mag and angel_deg at time 2.7800000000000002: [0.9638619422912598, -9.241734504699707] pu
Received frequency at time 2.7800000000000002: 59.596782457083464 Hz
Opendss run okay at time 2.7800000000000002 !
Sending active power = 1449.5620697894817 at time 2.7800000000000002 to Transmission
Sending voltage = 0.9993820373809168 at time 2.7800000000000002 to PSCAD_DER
Sending frequency = 59.596782457083464 Hz at time 2.7800000000000002 to PSCAD_DER
=== time step = 2.81 seconds ===
OPENDSS_DIS: Received Power = 0.694215 mw at time 2.81 from PSCAD_DER
OPENDSS_DIS: Received Power_q = -0.893792 mvar at time 2.81 from PSCAD_DER
Received voltage mag and angel_deg at time 2.81: [0.9641796350479126, -11.033531188964844] pu
Received frequency at time 2.81: 59.59818044677377 Hz
Opendss run okay at time 2.81 !
Sending active power = 1623.532999522234 at time 2.81 to Transmission
Sending voltage = 0.9947202552254871 at time 2.81 to PSCAD_DER
Sending frequency = 59.59818044677377 Hz at time 2.81 to PSCAD_DER
=== time step = 2.8200000000000003 seconds ===
OPENDSS_DIS: Received Power = 0.204357 mw at time 2.8200000000000003 from PSCAD_DER
OPENDSS_DIS: Received Power_q = -0.457752 mvar at time 2.8200000000000003 from PSCAD_DER
Received voltage mag and angel_deg at time 2.8200000000000003: [0.9646468162536621, -15.247309684753418] pu
Received frequency at time 2.8200000000000003: 59.600572334602475 Hz
Opendss run okay at time 2.8200000000000003 !
Sending active power = 2101.495998223788 at time 2.8200000000000003 to Transmission
Sending voltage = 0.9811854487739339 at time 2.8200000000000003 to PSCAD_DER
Sending frequency = 59.600572334602475 Hz at time 2.8200000000000003 to PSCAD_DER
=== time step = 2.84 seconds ===
OPENDSS_DIS: Received Power = 0.451738 mw at time 2.84 from PSCAD_DER
OPENDSS_DIS: Received Power_q = -0.169537 mvar at time 2.84 from PSCAD_DER
Received voltage mag and angel_deg at time 2.84: [0.9652407765388489, -16.357372283935547] pu
Received frequency at time 2.84: 59.60170797072351 Hz
Opendss run okay at time 2.84 !
Sending active power = 1860.5804950355791 at time 2.84 to Transmission
Sending voltage = 0.9890376880669537 at time 2.84 to PSCAD_DER
Sending frequency = 59.60170797072351 Hz at time 2.84 to PSCAD_DER
=== time step = 2.8600000000000003 seconds ===
OPENDSS_DIS: Received Power = 0.691489 mw at time 2.8600000000000003 from PSCAD_DER
OPENDSS_DIS: Received Power_q = -0.729616 mvar at time 2.8600000000000003 from PSCAD_DER
Received voltage mag and angel_deg at time 2.8600000000000003: [0.9656020998954773, -19.32244873046875] pu
Received frequency at time 2.8600000000000003: 59.60456321015954 Hz
Opendss run okay at time 2.8600000000000003 !
Sending active power = 1628.071545593645 at time 2.8600000000000003 to Transmission
Sending voltage = 0.9962644022624835 at time 2.8600000000000003 to PSCAD_DER
Sending frequency = 59.60456321015954 Hz at time 2.8600000000000003 to PSCAD_DER
=== time step = 2.88 seconds ===
OPENDSS_DIS: Received Power = 0.806029 mw at time 2.88 from PSCAD_DER
OPENDSS_DIS: Received Power_q = -0.890749 mvar at time 2.88 from PSCAD_DER
Received voltage mag and angel_deg at time 2.88: [0.965725302696228, -22.327415466308594] pu
Received frequency at time 2.88: 59.60586248897016 Hz
Opendss run okay at time 2.88 !
Sending active power = 1515.0311029773839 at time 2.88 to Transmission
Sending voltage = 0.9997558034991592 at time 2.88 to PSCAD_DER
Sending frequency = 59.60586248897016 Hz at time 2.88 to PSCAD_DER
=== time step = 2.9 seconds ===
OPENDSS_DIS: Received Power = 0.476446 mw at time 2.9 from PSCAD_DER
OPENDSS_DIS: Received Power_q = -0.230083 mvar at time 2.9 from PSCAD_DER
Received voltage mag and angel_deg at time 2.9: [0.9663560390472412, -25.216630935668945] pu
Received frequency at time 2.9: 59.60811006836593 Hz
Opendss run okay at time 2.9 !
Sending active power = 1835.66587659217 at time 2.9 to Transmission
Sending voltage = 0.9911574901024932 at time 2.9 to PSCAD_DER
Sending frequency = 59.60811006836593 Hz at time 2.9 to PSCAD_DER
=== time step = 2.92 seconds ===
OPENDSS_DIS: Received Power = 0.555603 mw at time 2.92 from PSCAD_DER
OPENDSS_DIS: Received Power_q = -0.219065 mvar at time 2.92 from PSCAD_DER
Received voltage mag and angel_deg at time 2.92: [0.9668904542922974, -27.505863189697266] pu
Received frequency at time 2.92: 59.61027838289738 Hz
Opendss run okay at time 2.92 !
Sending active power = 1759.3498716872143 at time 2.92 to Transmission
Sending voltage = 0.9940311086765926 at time 2.92 to PSCAD_DER
Sending frequency = 59.61027838289738 Hz at time 2.92 to PSCAD_DER
=== time step = 2.94 seconds ===
OPENDSS_DIS: Received Power = 0.720078 mw at time 2.94 from PSCAD_DER
OPENDSS_DIS: Received Power_q = -0.741622 mvar at time 2.94 from PSCAD_DER
Received voltage mag and angel_deg at time 2.94: [0.9674347639083862, -30.373544692993164] pu
Received frequency at time 2.94: 59.61285361088812 Hz
Opendss run okay at time 2.94 !
Sending active power = 1600.4004309470147 at time 2.94 to Transmission
Sending voltage = 0.9993129983269342 at time 2.94 to PSCAD_DER
Sending frequency = 59.61285361088812 Hz at time 2.94 to PSCAD_DER
=== time step = 2.96 seconds ===
OPENDSS_DIS: Received Power = 0.819718 mw at time 2.96 from PSCAD_DER
OPENDSS_DIS: Received Power_q = -0.725627 mvar at time 2.96 from PSCAD_DER
Received voltage mag and angel_deg at time 2.96: [0.9676553606987, -33.2927131652832] pu
Received frequency at time 2.96: 59.61436366662383 Hz
Opendss run okay at time 2.96 !
Sending active power = 1504.1913826143261 at time 2.96 to Transmission
Sending voltage = 1.0023662057535876 at time 2.96 to PSCAD_DER
Sending frequency = 59.61436366662383 Hz at time 2.96 to PSCAD_DER
=== time step = 2.98 seconds ===
OPENDSS_DIS: Received Power = 0.241552 mw at time 2.98 from PSCAD_DER
OPENDSS_DIS: Received Power_q = -0.246022 mvar at time 2.98 from PSCAD_DER
Received voltage mag and angel_deg at time 2.98: [0.9681496024131775, -36.144081115722656] pu
Received frequency at time 2.98: 59.616289073601365 Hz
Opendss run okay at time 2.98 !
Sending active power = 2067.1503094640393 at time 2.98 to Transmission
Sending voltage = 0.9864779242874043 at time 2.98 to PSCAD_DER
Sending frequency = 59.616289073601365 Hz at time 2.98 to PSCAD_DER
Federate finalized
